{"C:\\Users\\swade\\Repos\\openclaw-mission-control\\src\\lib\\agent-runtimes.ts": {"path":"C:\\Users\\swade\\Repos\\openclaw-mission-control\\src\\lib\\agent-runtimes.ts","all":true,"statementMap":{"0":{"start":{"line":1,"column":0},"end":{"line":1,"column":32}},"40":{"start":{"line":41,"column":0},"end":{"line":41,"column":54}},"41":{"start":{"line":42,"column":0},"end":{"line":42,"column":13}},"42":{"start":{"line":43,"column":0},"end":{"line":43,"column":21}},"43":{"start":{"line":44,"column":0},"end":{"line":44,"column":81}},"44":{"start":{"line":45,"column":0},"end":{"line":45,"column":24}},"45":{"start":{"line":46,"column":0},"end":{"line":46,"column":17}},"46":{"start":{"line":47,"column":0},"end":{"line":47,"column":4}},"47":{"start":{"line":48,"column":0},"end":{"line":48,"column":11}},"48":{"start":{"line":49,"column":0},"end":{"line":49,"column":25}},"49":{"start":{"line":50,"column":0},"end":{"line":50,"column":101}},"50":{"start":{"line":51,"column":0},"end":{"line":51,"column":24}},"51":{"start":{"line":52,"column":0},"end":{"line":52,"column":17}},"52":{"start":{"line":53,"column":0},"end":{"line":53,"column":4}},"53":{"start":{"line":54,"column":0},"end":{"line":54,"column":11}},"54":{"start":{"line":55,"column":0},"end":{"line":55,"column":24}},"55":{"start":{"line":56,"column":0},"end":{"line":56,"column":71}},"56":{"start":{"line":57,"column":0},"end":{"line":57,"column":23}},"57":{"start":{"line":58,"column":0},"end":{"line":58,"column":66}},"58":{"start":{"line":59,"column":0},"end":{"line":59,"column":4}},"59":{"start":{"line":60,"column":0},"end":{"line":60,"column":10}},"60":{"start":{"line":61,"column":0},"end":{"line":61,"column":22}},"61":{"start":{"line":62,"column":0},"end":{"line":62,"column":69}},"62":{"start":{"line":63,"column":0},"end":{"line":63,"column":23}},"63":{"start":{"line":64,"column":0},"end":{"line":64,"column":64}},"64":{"start":{"line":65,"column":0},"end":{"line":65,"column":4}},"65":{"start":{"line":66,"column":0},"end":{"line":66,"column":1}},"67":{"start":{"line":68,"column":0},"end":{"line":68,"column":72}},"68":{"start":{"line":69,"column":0},"end":{"line":69,"column":25}},"69":{"start":{"line":70,"column":0},"end":{"line":70,"column":1}},"75":{"start":{"line":76,"column":0},"end":{"line":76,"column":49}},"78":{"start":{"line":79,"column":0},"end":{"line":79,"column":22}},"79":{"start":{"line":80,"column":0},"end":{"line":80,"column":38}},"80":{"start":{"line":81,"column":0},"end":{"line":81,"column":40}},"81":{"start":{"line":82,"column":0},"end":{"line":82,"column":73}},"82":{"start":{"line":83,"column":0},"end":{"line":83,"column":3}},"83":{"start":{"line":84,"column":0},"end":{"line":84,"column":1}},"89":{"start":{"line":90,"column":0},"end":{"line":90,"column":42}},"90":{"start":{"line":91,"column":0},"end":{"line":91,"column":36}},"91":{"start":{"line":92,"column":0},"end":{"line":92,"column":23}},"92":{"start":{"line":93,"column":0},"end":{"line":93,"column":35}},"93":{"start":{"line":94,"column":0},"end":{"line":94,"column":21}},"96":{"start":{"line":97,"column":0},"end":{"line":97,"column":75}},"97":{"start":{"line":98,"column":0},"end":{"line":98,"column":20}},"98":{"start":{"line":99,"column":0},"end":{"line":99,"column":3}},"101":{"start":{"line":102,"column":0},"end":{"line":102,"column":7}},"102":{"start":{"line":103,"column":0},"end":{"line":103,"column":59}},"103":{"start":{"line":104,"column":0},"end":{"line":104,"column":39}},"104":{"start":{"line":105,"column":0},"end":{"line":105,"column":20}},"105":{"start":{"line":106,"column":0},"end":{"line":106,"column":38}},"106":{"start":{"line":107,"column":0},"end":{"line":107,"column":5}},"107":{"start":{"line":108,"column":0},"end":{"line":108,"column":30}},"108":{"start":{"line":109,"column":0},"end":{"line":109,"column":22}},"109":{"start":{"line":110,"column":0},"end":{"line":110,"column":64}},"110":{"start":{"line":111,"column":0},"end":{"line":111,"column":5}},"111":{"start":{"line":112,"column":0},"end":{"line":112,"column":11}},"113":{"start":{"line":114,"column":0},"end":{"line":114,"column":3}},"116":{"start":{"line":117,"column":0},"end":{"line":117,"column":7}},"117":{"start":{"line":118,"column":0},"end":{"line":118,"column":35}},"118":{"start":{"line":119,"column":0},"end":{"line":119,"column":35}},"119":{"start":{"line":120,"column":0},"end":{"line":120,"column":26}},"120":{"start":{"line":121,"column":0},"end":{"line":121,"column":57}},"121":{"start":{"line":122,"column":0},"end":{"line":122,"column":71}},"122":{"start":{"line":123,"column":0},"end":{"line":123,"column":70}},"123":{"start":{"line":124,"column":0},"end":{"line":124,"column":72}},"124":{"start":{"line":125,"column":0},"end":{"line":125,"column":60}},"125":{"start":{"line":126,"column":0},"end":{"line":126,"column":6}},"127":{"start":{"line":128,"column":0},"end":{"line":128,"column":23}},"128":{"start":{"line":129,"column":0},"end":{"line":129,"column":11}},"130":{"start":{"line":131,"column":0},"end":{"line":131,"column":3}},"132":{"start":{"line":133,"column":0},"end":{"line":133,"column":86}},"133":{"start":{"line":134,"column":0},"end":{"line":134,"column":1}},"135":{"start":{"line":136,"column":0},"end":{"line":136,"column":40}},"136":{"start":{"line":137,"column":0},"end":{"line":137,"column":34}},"137":{"start":{"line":138,"column":0},"end":{"line":138,"column":39}},"138":{"start":{"line":139,"column":0},"end":{"line":139,"column":35}},"140":{"start":{"line":141,"column":0},"end":{"line":141,"column":18}},"141":{"start":{"line":142,"column":0},"end":{"line":142,"column":9}},"142":{"start":{"line":143,"column":0},"end":{"line":143,"column":103}},"143":{"start":{"line":144,"column":0},"end":{"line":144,"column":37}},"144":{"start":{"line":145,"column":0},"end":{"line":145,"column":13}},"145":{"start":{"line":146,"column":0},"end":{"line":146,"column":118}},"146":{"start":{"line":147,"column":0},"end":{"line":147,"column":36}},"147":{"start":{"line":148,"column":0},"end":{"line":148,"column":70}},"148":{"start":{"line":149,"column":0},"end":{"line":149,"column":17}},"149":{"start":{"line":150,"column":0},"end":{"line":150,"column":11}},"150":{"start":{"line":151,"column":0},"end":{"line":151,"column":28}},"151":{"start":{"line":152,"column":0},"end":{"line":152,"column":7}},"152":{"start":{"line":153,"column":0},"end":{"line":153,"column":13}},"154":{"start":{"line":155,"column":0},"end":{"line":155,"column":5}},"155":{"start":{"line":156,"column":0},"end":{"line":156,"column":3}},"157":{"start":{"line":158,"column":0},"end":{"line":158,"column":55}},"158":{"start":{"line":159,"column":0},"end":{"line":159,"column":84}},"159":{"start":{"line":160,"column":0},"end":{"line":160,"column":1}},"161":{"start":{"line":162,"column":0},"end":{"line":162,"column":114}},"162":{"start":{"line":163,"column":0},"end":{"line":163,"column":53}},"163":{"start":{"line":164,"column":0},"end":{"line":164,"column":27}},"164":{"start":{"line":165,"column":0},"end":{"line":165,"column":9}},"165":{"start":{"line":166,"column":0},"end":{"line":166,"column":84}},"166":{"start":{"line":167,"column":0},"end":{"line":167,"column":32}},"167":{"start":{"line":168,"column":0},"end":{"line":168,"column":93}},"168":{"start":{"line":169,"column":0},"end":{"line":169,"column":7}},"169":{"start":{"line":170,"column":0},"end":{"line":170,"column":24}},"170":{"start":{"line":171,"column":0},"end":{"line":171,"column":3}},"171":{"start":{"line":172,"column":0},"end":{"line":172,"column":44}},"172":{"start":{"line":173,"column":0},"end":{"line":173,"column":1}},"174":{"start":{"line":175,"column":0},"end":{"line":175,"column":40}},"175":{"start":{"line":176,"column":0},"end":{"line":176,"column":34}},"176":{"start":{"line":177,"column":0},"end":{"line":177,"column":57}},"179":{"start":{"line":180,"column":0},"end":{"line":180,"column":27}},"180":{"start":{"line":181,"column":0},"end":{"line":181,"column":18}},"181":{"start":{"line":182,"column":0},"end":{"line":182,"column":9}},"182":{"start":{"line":183,"column":0},"end":{"line":183,"column":50}},"183":{"start":{"line":184,"column":0},"end":{"line":184,"column":39}},"184":{"start":{"line":185,"column":0},"end":{"line":185,"column":83}},"185":{"start":{"line":186,"column":0},"end":{"line":186,"column":68}},"186":{"start":{"line":187,"column":0},"end":{"line":187,"column":69}},"187":{"start":{"line":188,"column":0},"end":{"line":188,"column":13}},"189":{"start":{"line":190,"column":0},"end":{"line":190,"column":5}},"190":{"start":{"line":191,"column":0},"end":{"line":191,"column":3}},"192":{"start":{"line":193,"column":0},"end":{"line":193,"column":85}},"193":{"start":{"line":194,"column":0},"end":{"line":194,"column":1}},"195":{"start":{"line":196,"column":0},"end":{"line":196,"column":39}},"196":{"start":{"line":197,"column":0},"end":{"line":197,"column":33}},"197":{"start":{"line":198,"column":0},"end":{"line":198,"column":56}},"200":{"start":{"line":201,"column":0},"end":{"line":201,"column":27}},"201":{"start":{"line":202,"column":0},"end":{"line":202,"column":18}},"202":{"start":{"line":203,"column":0},"end":{"line":203,"column":9}},"203":{"start":{"line":204,"column":0},"end":{"line":204,"column":50}},"204":{"start":{"line":205,"column":0},"end":{"line":205,"column":39}},"205":{"start":{"line":206,"column":0},"end":{"line":206,"column":75}},"206":{"start":{"line":207,"column":0},"end":{"line":207,"column":66}},"207":{"start":{"line":208,"column":0},"end":{"line":208,"column":13}},"209":{"start":{"line":210,"column":0},"end":{"line":210,"column":5}},"210":{"start":{"line":211,"column":0},"end":{"line":211,"column":3}},"212":{"start":{"line":213,"column":0},"end":{"line":213,"column":84}},"213":{"start":{"line":214,"column":0},"end":{"line":214,"column":1}},"215":{"start":{"line":216,"column":0},"end":{"line":216,"column":59}},"216":{"start":{"line":217,"column":0},"end":{"line":217,"column":27}},"217":{"start":{"line":218,"column":0},"end":{"line":218,"column":23}},"218":{"start":{"line":219,"column":0},"end":{"line":219,"column":23}},"219":{"start":{"line":220,"column":0},"end":{"line":220,"column":21}},"220":{"start":{"line":221,"column":0},"end":{"line":221,"column":1}},"222":{"start":{"line":223,"column":0},"end":{"line":223,"column":61}},"223":{"start":{"line":224,"column":0},"end":{"line":224,"column":32}},"224":{"start":{"line":225,"column":0},"end":{"line":225,"column":172}},"225":{"start":{"line":226,"column":0},"end":{"line":226,"column":1}},"227":{"start":{"line":228,"column":0},"end":{"line":228,"column":54}},"228":{"start":{"line":229,"column":0},"end":{"line":229,"column":49}},"229":{"start":{"line":230,"column":0},"end":{"line":230,"column":1}},"235":{"start":{"line":236,"column":0},"end":{"line":236,"column":84}},"236":{"start":{"line":237,"column":0},"end":{"line":237,"column":13}},"238":{"start":{"line":239,"column":0},"end":{"line":239,"column":27}},"239":{"start":{"line":240,"column":0},"end":{"line":240,"column":28}},"240":{"start":{"line":241,"column":0},"end":{"line":241,"column":12}},"241":{"start":{"line":242,"column":0},"end":{"line":242,"column":9}},"242":{"start":{"line":243,"column":0},"end":{"line":243,"column":22}},"243":{"start":{"line":244,"column":0},"end":{"line":244,"column":15}},"244":{"start":{"line":245,"column":0},"end":{"line":245,"column":16}},"245":{"start":{"line":246,"column":0},"end":{"line":246,"column":26}},"246":{"start":{"line":247,"column":0},"end":{"line":247,"column":21}},"247":{"start":{"line":248,"column":0},"end":{"line":248,"column":3}},"249":{"start":{"line":250,"column":0},"end":{"line":250,"column":30}},"251":{"start":{"line":252,"column":0},"end":{"line":252,"column":26}},"253":{"start":{"line":254,"column":0},"end":{"line":254,"column":47}},"254":{"start":{"line":255,"column":0},"end":{"line":255,"column":26}},"255":{"start":{"line":256,"column":0},"end":{"line":256,"column":31}},"256":{"start":{"line":257,"column":0},"end":{"line":257,"column":14}},"257":{"start":{"line":258,"column":0},"end":{"line":258,"column":3}},"260":{"start":{"line":261,"column":0},"end":{"line":261,"column":78}},"261":{"start":{"line":262,"column":0},"end":{"line":262,"column":35}},"262":{"start":{"line":263,"column":0},"end":{"line":263,"column":31}},"263":{"start":{"line":264,"column":0},"end":{"line":264,"column":31}},"264":{"start":{"line":265,"column":0},"end":{"line":265,"column":29}},"265":{"start":{"line":266,"column":0},"end":{"line":266,"column":3}},"266":{"start":{"line":267,"column":0},"end":{"line":267,"column":64}},"267":{"start":{"line":268,"column":0},"end":{"line":268,"column":33}},"268":{"start":{"line":269,"column":0},"end":{"line":269,"column":25}},"269":{"start":{"line":270,"column":0},"end":{"line":270,"column":43}},"270":{"start":{"line":271,"column":0},"end":{"line":271,"column":31}},"271":{"start":{"line":272,"column":0},"end":{"line":272,"column":66}},"272":{"start":{"line":273,"column":0},"end":{"line":273,"column":4}},"274":{"start":{"line":275,"column":0},"end":{"line":275,"column":12}},"275":{"start":{"line":276,"column":0},"end":{"line":276,"column":1}},"281":{"start":{"line":282,"column":0},"end":{"line":282,"column":45}},"282":{"start":{"line":283,"column":0},"end":{"line":283,"column":35}},"283":{"start":{"line":284,"column":0},"end":{"line":284,"column":42}},"284":{"start":{"line":285,"column":0},"end":{"line":285,"column":57}},"285":{"start":{"line":286,"column":0},"end":{"line":286,"column":53}},"286":{"start":{"line":287,"column":0},"end":{"line":287,"column":74}},"287":{"start":{"line":288,"column":0},"end":{"line":288,"column":13}},"288":{"start":{"line":289,"column":0},"end":{"line":289,"column":22}},"290":{"start":{"line":291,"column":0},"end":{"line":291,"column":60}},"291":{"start":{"line":292,"column":0},"end":{"line":292,"column":77}},"293":{"start":{"line":294,"column":0},"end":{"line":294,"column":10}},"294":{"start":{"line":295,"column":0},"end":{"line":295,"column":19}},"295":{"start":{"line":296,"column":0},"end":{"line":296,"column":18}},"296":{"start":{"line":297,"column":0},"end":{"line":297,"column":33}},"297":{"start":{"line":298,"column":0},"end":{"line":298,"column":49}},"298":{"start":{"line":299,"column":0},"end":{"line":299,"column":55}},"299":{"start":{"line":300,"column":0},"end":{"line":300,"column":3}},"300":{"start":{"line":301,"column":0},"end":{"line":301,"column":1}},"302":{"start":{"line":303,"column":0},"end":{"line":303,"column":94}},"303":{"start":{"line":304,"column":0},"end":{"line":304,"column":29}},"304":{"start":{"line":305,"column":0},"end":{"line":305,"column":46}},"305":{"start":{"line":306,"column":0},"end":{"line":306,"column":7}},"306":{"start":{"line":307,"column":0},"end":{"line":307,"column":75}},"307":{"start":{"line":308,"column":0},"end":{"line":308,"column":57}},"308":{"start":{"line":309,"column":0},"end":{"line":309,"column":57}},"309":{"start":{"line":310,"column":0},"end":{"line":310,"column":28}},"310":{"start":{"line":311,"column":0},"end":{"line":311,"column":22}},"311":{"start":{"line":312,"column":0},"end":{"line":312,"column":69}},"312":{"start":{"line":313,"column":0},"end":{"line":313,"column":16}},"313":{"start":{"line":314,"column":0},"end":{"line":314,"column":3}},"314":{"start":{"line":315,"column":0},"end":{"line":315,"column":1}},"316":{"start":{"line":317,"column":0},"end":{"line":317,"column":69}},"317":{"start":{"line":318,"column":0},"end":{"line":318,"column":44}},"318":{"start":{"line":319,"column":0},"end":{"line":319,"column":29}},"319":{"start":{"line":320,"column":0},"end":{"line":320,"column":7}},"320":{"start":{"line":321,"column":0},"end":{"line":321,"column":99}},"321":{"start":{"line":322,"column":0},"end":{"line":322,"column":30}},"322":{"start":{"line":323,"column":0},"end":{"line":323,"column":6}},"323":{"start":{"line":324,"column":0},"end":{"line":324,"column":57}},"324":{"start":{"line":325,"column":0},"end":{"line":325,"column":57}},"325":{"start":{"line":326,"column":0},"end":{"line":326,"column":28}},"326":{"start":{"line":327,"column":0},"end":{"line":327,"column":72}},"327":{"start":{"line":328,"column":0},"end":{"line":328,"column":11}},"328":{"start":{"line":329,"column":0},"end":{"line":329,"column":114}},"329":{"start":{"line":330,"column":0},"end":{"line":330,"column":63}},"330":{"start":{"line":331,"column":0},"end":{"line":331,"column":63}},"331":{"start":{"line":332,"column":0},"end":{"line":332,"column":15}},"332":{"start":{"line":333,"column":0},"end":{"line":333,"column":86}},"333":{"start":{"line":334,"column":0},"end":{"line":334,"column":7}},"334":{"start":{"line":335,"column":0},"end":{"line":335,"column":28}},"335":{"start":{"line":336,"column":0},"end":{"line":336,"column":60}},"336":{"start":{"line":337,"column":0},"end":{"line":337,"column":12}},"337":{"start":{"line":338,"column":0},"end":{"line":338,"column":27}},"338":{"start":{"line":339,"column":0},"end":{"line":339,"column":59}},"339":{"start":{"line":340,"column":0},"end":{"line":340,"column":70}},"340":{"start":{"line":341,"column":0},"end":{"line":341,"column":5}},"341":{"start":{"line":342,"column":0},"end":{"line":342,"column":22}},"342":{"start":{"line":343,"column":0},"end":{"line":343,"column":25}},"343":{"start":{"line":344,"column":0},"end":{"line":344,"column":47}},"344":{"start":{"line":345,"column":0},"end":{"line":345,"column":45}},"345":{"start":{"line":346,"column":0},"end":{"line":346,"column":3}},"346":{"start":{"line":347,"column":0},"end":{"line":347,"column":29}},"347":{"start":{"line":348,"column":0},"end":{"line":348,"column":1}},"349":{"start":{"line":350,"column":0},"end":{"line":350,"column":67}},"350":{"start":{"line":351,"column":0},"end":{"line":351,"column":71}},"351":{"start":{"line":352,"column":0},"end":{"line":352,"column":29}},"352":{"start":{"line":353,"column":0},"end":{"line":353,"column":7}},"353":{"start":{"line":354,"column":0},"end":{"line":354,"column":158}},"354":{"start":{"line":355,"column":0},"end":{"line":355,"column":30}},"355":{"start":{"line":356,"column":0},"end":{"line":356,"column":6}},"356":{"start":{"line":357,"column":0},"end":{"line":357,"column":57}},"357":{"start":{"line":358,"column":0},"end":{"line":358,"column":57}},"358":{"start":{"line":359,"column":0},"end":{"line":359,"column":28}},"359":{"start":{"line":360,"column":0},"end":{"line":360,"column":28}},"360":{"start":{"line":361,"column":0},"end":{"line":361,"column":64}},"361":{"start":{"line":362,"column":0},"end":{"line":362,"column":99}},"362":{"start":{"line":363,"column":0},"end":{"line":363,"column":33}},"363":{"start":{"line":364,"column":0},"end":{"line":364,"column":12}},"364":{"start":{"line":365,"column":0},"end":{"line":365,"column":27}},"365":{"start":{"line":366,"column":0},"end":{"line":366,"column":61}},"366":{"start":{"line":367,"column":0},"end":{"line":367,"column":70}},"367":{"start":{"line":368,"column":0},"end":{"line":368,"column":5}},"368":{"start":{"line":369,"column":0},"end":{"line":369,"column":22}},"369":{"start":{"line":370,"column":0},"end":{"line":370,"column":25}},"370":{"start":{"line":371,"column":0},"end":{"line":371,"column":47}},"371":{"start":{"line":372,"column":0},"end":{"line":372,"column":45}},"372":{"start":{"line":373,"column":0},"end":{"line":373,"column":3}},"373":{"start":{"line":374,"column":0},"end":{"line":374,"column":29}},"374":{"start":{"line":375,"column":0},"end":{"line":375,"column":1}},"376":{"start":{"line":377,"column":0},"end":{"line":377,"column":67}},"377":{"start":{"line":378,"column":0},"end":{"line":378,"column":47}},"378":{"start":{"line":379,"column":0},"end":{"line":379,"column":88}},"379":{"start":{"line":380,"column":0},"end":{"line":380,"column":26}},"380":{"start":{"line":381,"column":0},"end":{"line":381,"column":61}},"381":{"start":{"line":382,"column":0},"end":{"line":382,"column":59}},"382":{"start":{"line":383,"column":0},"end":{"line":383,"column":10}},"383":{"start":{"line":384,"column":0},"end":{"line":384,"column":25}},"384":{"start":{"line":385,"column":0},"end":{"line":385,"column":55}},"385":{"start":{"line":386,"column":0},"end":{"line":386,"column":3}},"386":{"start":{"line":387,"column":0},"end":{"line":387,"column":29}},"387":{"start":{"line":388,"column":0},"end":{"line":388,"column":1}},"389":{"start":{"line":390,"column":0},"end":{"line":390,"column":66}},"390":{"start":{"line":391,"column":0},"end":{"line":391,"column":45}},"391":{"start":{"line":392,"column":0},"end":{"line":392,"column":76}},"392":{"start":{"line":393,"column":0},"end":{"line":393,"column":26}},"393":{"start":{"line":394,"column":0},"end":{"line":394,"column":59}},"394":{"start":{"line":395,"column":0},"end":{"line":395,"column":57}},"395":{"start":{"line":396,"column":0},"end":{"line":396,"column":10}},"396":{"start":{"line":397,"column":0},"end":{"line":397,"column":25}},"397":{"start":{"line":398,"column":0},"end":{"line":398,"column":55}},"398":{"start":{"line":399,"column":0},"end":{"line":399,"column":3}},"399":{"start":{"line":400,"column":0},"end":{"line":400,"column":29}},"400":{"start":{"line":401,"column":0},"end":{"line":401,"column":1}},"402":{"start":{"line":403,"column":0},"end":{"line":403,"column":62}},"403":{"start":{"line":404,"column":0},"end":{"line":404,"column":36}},"404":{"start":{"line":405,"column":0},"end":{"line":405,"column":1}},"406":{"start":{"line":407,"column":0},"end":{"line":407,"column":47}},"407":{"start":{"line":408,"column":0},"end":{"line":408,"column":13}},"408":{"start":{"line":409,"column":0},"end":{"line":409,"column":34}},"409":{"start":{"line":410,"column":0},"end":{"line":410,"column":1}},"415":{"start":{"line":416,"column":0},"end":{"line":416,"column":67}},"416":{"start":{"line":417,"column":0},"end":{"line":417,"column":31}},"417":{"start":{"line":418,"column":0},"end":{"line":418,"column":40}},"431":{"start":{"line":432,"column":0},"end":{"line":432,"column":3}},"433":{"start":{"line":434,"column":0},"end":{"line":434,"column":34}},"448":{"start":{"line":449,"column":0},"end":{"line":449,"column":1}}},"s":{"0":0,"40":0,"41":0,"42":0,"43":0,"44":0,"45":0,"46":0,"47":0,"48":0,"49":0,"50":0,"51":0,"52":0,"53":0,"54":0,"55":0,"56":0,"57":0,"58":0,"59":0,"60":0,"61":0,"62":0,"63":0,"64":0,"65":0,"67":0,"68":0,"69":0,"75":0,"78":0,"79":0,"80":0,"81":0,"82":0,"83":0,"89":0,"90":0,"91":0,"92":0,"93":0,"96":0,"97":0,"98":0,"101":0,"102":0,"103":0,"104":0,"105":0,"106":0,"107":0,"108":0,"109":0,"110":0,"111":0,"113":0,"116":0,"117":0,"118":0,"119":0,"120":0,"121":0,"122":0,"123":0,"124":0,"125":0,"127":0,"128":0,"130":0,"132":0,"133":0,"135":0,"136":0,"137":0,"138":0,"140":0,"141":0,"142":0,"143":0,"144":0,"145":0,"146":0,"147":0,"148":0,"149":0,"150":0,"151":0,"152":0,"154":0,"155":0,"157":0,"158":0,"159":0,"161":0,"162":0,"163":0,"164":0,"165":0,"166":0,"167":0,"168":0,"169":0,"170":0,"171":0,"172":0,"174":0,"175":0,"176":0,"179":0,"180":0,"181":0,"182":0,"183":0,"184":0,"185":0,"186":0,"187":0,"189":0,"190":0,"192":0,"193":0,"195":0,"196":0,"197":0,"200":0,"201":0,"202":0,"203":0,"204":0,"205":0,"206":0,"207":0,"209":0,"210":0,"212":0,"213":0,"215":0,"216":0,"217":0,"218":0,"219":0,"220":0,"222":0,"223":0,"224":0,"225":0,"227":0,"228":0,"229":0,"235":0,"236":0,"238":0,"239":0,"240":0,"241":0,"242":0,"243":0,"244":0,"245":0,"246":0,"247":0,"249":0,"251":0,"253":0,"254":0,"255":0,"256":0,"257":0,"260":0,"261":0,"262":0,"263":0,"264":0,"265":0,"266":0,"267":0,"268":0,"269":0,"270":0,"271":0,"272":0,"274":0,"275":0,"281":0,"282":0,"283":0,"284":0,"285":0,"286":0,"287":0,"288":0,"290":0,"291":0,"293":0,"294":0,"295":0,"296":0,"297":0,"298":0,"299":0,"300":0,"302":0,"303":0,"304":0,"305":0,"306":0,"307":0,"308":0,"309":0,"310":0,"311":0,"312":0,"313":0,"314":0,"316":0,"317":0,"318":0,"319":0,"320":0,"321":0,"322":0,"323":0,"324":0,"325":0,"326":0,"327":0,"328":0,"329":0,"330":0,"331":0,"332":0,"333":0,"334":0,"335":0,"336":0,"337":0,"338":0,"339":0,"340":0,"341":0,"342":0,"343":0,"344":0,"345":0,"346":0,"347":0,"349":0,"350":0,"351":0,"352":0,"353":0,"354":0,"355":0,"356":0,"357":0,"358":0,"359":0,"360":0,"361":0,"362":0,"363":0,"364":0,"365":0,"366":0,"367":0,"368":0,"369":0,"370":0,"371":0,"372":0,"373":0,"374":0,"376":0,"377":0,"378":0,"379":0,"380":0,"381":0,"382":0,"383":0,"384":0,"385":0,"386":0,"387":0,"389":0,"390":0,"391":0,"392":0,"393":0,"394":0,"395":0,"396":0,"397":0,"398":0,"399":0,"400":0,"402":0,"403":0,"404":0,"406":0,"407":0,"408":0,"409":0,"415":0,"416":0,"417":0,"431":0,"433":0,"448":0},"branchMap":{"0":{"type":"branch","line":1,"loc":{"start":{"line":1,"column":14943},"end":{"line":449,"column":1}},"locations":[{"start":{"line":1,"column":14943},"end":{"line":449,"column":1}}]}},"b":{"0":[0]},"fnMap":{"0":{"name":"(empty-report)","decl":{"start":{"line":1,"column":14943},"end":{"line":449,"column":1}},"loc":{"start":{"line":1,"column":14943},"end":{"line":449,"column":1}},"line":1}},"f":{"0":0}}
,"C:\\Users\\swade\\Repos\\openclaw-mission-control\\src\\lib\\api-contract-parity.ts": {"path":"C:\\Users\\swade\\Repos\\openclaw-mission-control\\src\\lib\\api-contract-parity.ts","all":false,"statementMap":{"0":{"start":{"line":1,"column":0},"end":{"line":1,"column":29}},"19":{"start":{"line":20,"column":0},"end":{"line":20,"column":90}},"21":{"start":{"line":22,"column":0},"end":{"line":22,"column":41}},"22":{"start":{"line":23,"column":0},"end":{"line":23,"column":40}},"23":{"start":{"line":24,"column":0},"end":{"line":24,"column":1}},"25":{"start":{"line":26,"column":0},"end":{"line":26,"column":52}},"26":{"start":{"line":27,"column":0},"end":{"line":27,"column":62}},"27":{"start":{"line":28,"column":0},"end":{"line":28,"column":38}},"28":{"start":{"line":29,"column":0},"end":{"line":29,"column":3}},"29":{"start":{"line":30,"column":0},"end":{"line":30,"column":60}},"30":{"start":{"line":31,"column":0},"end":{"line":31,"column":38}},"31":{"start":{"line":32,"column":0},"end":{"line":32,"column":3}},"32":{"start":{"line":33,"column":0},"end":{"line":33,"column":57}},"33":{"start":{"line":34,"column":0},"end":{"line":34,"column":38}},"34":{"start":{"line":35,"column":0},"end":{"line":35,"column":3}},"35":{"start":{"line":36,"column":0},"end":{"line":36,"column":16}},"36":{"start":{"line":37,"column":0},"end":{"line":37,"column":1}},"38":{"start":{"line":39,"column":0},"end":{"line":39,"column":88}},"39":{"start":{"line":40,"column":0},"end":{"line":40,"column":43}},"40":{"start":{"line":41,"column":0},"end":{"line":41,"column":41}},"41":{"start":{"line":42,"column":0},"end":{"line":42,"column":70}},"42":{"start":{"line":43,"column":0},"end":{"line":43,"column":61}},"43":{"start":{"line":44,"column":0},"end":{"line":44,"column":50}},"44":{"start":{"line":45,"column":0},"end":{"line":45,"column":21}},"46":{"start":{"line":47,"column":0},"end":{"line":47,"column":27}},"47":{"start":{"line":48,"column":0},"end":{"line":48,"column":15}},"48":{"start":{"line":49,"column":0},"end":{"line":49,"column":20}},"49":{"start":{"line":50,"column":0},"end":{"line":50,"column":26}},"51":{"start":{"line":52,"column":0},"end":{"line":52,"column":65}},"52":{"start":{"line":53,"column":0},"end":{"line":53,"column":1}},"54":{"start":{"line":55,"column":0},"end":{"line":55,"column":62}},"55":{"start":{"line":56,"column":0},"end":{"line":56,"column":35}},"56":{"start":{"line":57,"column":0},"end":{"line":57,"column":38}},"57":{"start":{"line":58,"column":0},"end":{"line":58,"column":76}},"58":{"start":{"line":59,"column":0},"end":{"line":59,"column":92}},"59":{"start":{"line":60,"column":0},"end":{"line":60,"column":78}},"60":{"start":{"line":61,"column":0},"end":{"line":61,"column":3}},"61":{"start":{"line":62,"column":0},"end":{"line":62,"column":28}},"62":{"start":{"line":63,"column":0},"end":{"line":63,"column":1}},"64":{"start":{"line":65,"column":0},"end":{"line":65,"column":70}},"65":{"start":{"line":66,"column":0},"end":{"line":66,"column":39}},"66":{"start":{"line":67,"column":0},"end":{"line":67,"column":69}},"67":{"start":{"line":68,"column":0},"end":{"line":68,"column":47}},"68":{"start":{"line":69,"column":0},"end":{"line":69,"column":30}},"69":{"start":{"line":70,"column":0},"end":{"line":70,"column":37}},"70":{"start":{"line":71,"column":0},"end":{"line":71,"column":67}},"71":{"start":{"line":72,"column":0},"end":{"line":72,"column":26}},"72":{"start":{"line":73,"column":0},"end":{"line":73,"column":5}},"73":{"start":{"line":74,"column":0},"end":{"line":74,"column":3}},"74":{"start":{"line":75,"column":0},"end":{"line":75,"column":14}},"75":{"start":{"line":76,"column":0},"end":{"line":76,"column":1}},"77":{"start":{"line":78,"column":0},"end":{"line":78,"column":79}},"78":{"start":{"line":79,"column":0},"end":{"line":79,"column":61}},"79":{"start":{"line":80,"column":0},"end":{"line":80,"column":44}},"81":{"start":{"line":82,"column":0},"end":{"line":82,"column":41}},"82":{"start":{"line":83,"column":0},"end":{"line":83,"column":34}},"83":{"start":{"line":84,"column":0},"end":{"line":84,"column":48}},"84":{"start":{"line":85,"column":0},"end":{"line":85,"column":46}},"85":{"start":{"line":86,"column":0},"end":{"line":86,"column":81}},"86":{"start":{"line":87,"column":0},"end":{"line":87,"column":35}},"87":{"start":{"line":88,"column":0},"end":{"line":88,"column":66}},"88":{"start":{"line":89,"column":0},"end":{"line":89,"column":5}},"89":{"start":{"line":90,"column":0},"end":{"line":90,"column":3}},"91":{"start":{"line":92,"column":0},"end":{"line":92,"column":19}},"92":{"start":{"line":93,"column":0},"end":{"line":93,"column":1}},"94":{"start":{"line":95,"column":0},"end":{"line":95,"column":77}},"95":{"start":{"line":96,"column":0},"end":{"line":96,"column":49}},"96":{"start":{"line":97,"column":0},"end":{"line":97,"column":36}},"97":{"start":{"line":98,"column":0},"end":{"line":98,"column":60}},"98":{"start":{"line":99,"column":0},"end":{"line":99,"column":42}},"99":{"start":{"line":100,"column":0},"end":{"line":100,"column":76}},"100":{"start":{"line":101,"column":0},"end":{"line":101,"column":40}},"101":{"start":{"line":102,"column":0},"end":{"line":102,"column":64}},"102":{"start":{"line":103,"column":0},"end":{"line":103,"column":52}},"103":{"start":{"line":104,"column":0},"end":{"line":104,"column":7}},"104":{"start":{"line":105,"column":0},"end":{"line":105,"column":5}},"105":{"start":{"line":106,"column":0},"end":{"line":106,"column":3}},"106":{"start":{"line":107,"column":0},"end":{"line":107,"column":38}},"107":{"start":{"line":108,"column":0},"end":{"line":108,"column":1}},"109":{"start":{"line":110,"column":0},"end":{"line":110,"column":82}},"110":{"start":{"line":111,"column":0},"end":{"line":111,"column":45}},"111":{"start":{"line":112,"column":0},"end":{"line":112,"column":1}},"113":{"start":{"line":114,"column":0},"end":{"line":114,"column":67}},"114":{"start":{"line":115,"column":0},"end":{"line":115,"column":65}},"115":{"start":{"line":116,"column":0},"end":{"line":116,"column":47}},"116":{"start":{"line":117,"column":0},"end":{"line":117,"column":51}},"117":{"start":{"line":118,"column":0},"end":{"line":118,"column":69}},"118":{"start":{"line":119,"column":0},"end":{"line":119,"column":1}},"120":{"start":{"line":121,"column":0},"end":{"line":121,"column":50}},"124":{"start":{"line":125,"column":0},"end":{"line":125,"column":18}},"125":{"start":{"line":126,"column":0},"end":{"line":126,"column":82}},"126":{"start":{"line":127,"column":0},"end":{"line":127,"column":129}},"127":{"start":{"line":128,"column":0},"end":{"line":128,"column":116}},"129":{"start":{"line":130,"column":0},"end":{"line":130,"column":43}},"130":{"start":{"line":131,"column":0},"end":{"line":131,"column":47}},"132":{"start":{"line":133,"column":0},"end":{"line":133,"column":51}},"133":{"start":{"line":134,"column":0},"end":{"line":134,"column":50}},"134":{"start":{"line":135,"column":0},"end":{"line":135,"column":37}},"135":{"start":{"line":136,"column":0},"end":{"line":136,"column":26}},"136":{"start":{"line":137,"column":0},"end":{"line":137,"column":32}},"137":{"start":{"line":138,"column":0},"end":{"line":138,"column":14}},"138":{"start":{"line":139,"column":0},"end":{"line":139,"column":5}},"139":{"start":{"line":140,"column":0},"end":{"line":140,"column":54}},"140":{"start":{"line":141,"column":0},"end":{"line":141,"column":3}},"142":{"start":{"line":143,"column":0},"end":{"line":143,"column":49}},"143":{"start":{"line":144,"column":0},"end":{"line":144,"column":39}},"144":{"start":{"line":145,"column":0},"end":{"line":145,"column":26}},"145":{"start":{"line":146,"column":0},"end":{"line":146,"column":111}},"146":{"start":{"line":147,"column":0},"end":{"line":147,"column":14}},"147":{"start":{"line":148,"column":0},"end":{"line":148,"column":5}},"148":{"start":{"line":149,"column":0},"end":{"line":149,"column":72}},"149":{"start":{"line":150,"column":0},"end":{"line":150,"column":3}},"151":{"start":{"line":152,"column":0},"end":{"line":152,"column":10}},"152":{"start":{"line":153,"column":0},"end":{"line":153,"column":60}},"153":{"start":{"line":154,"column":0},"end":{"line":154,"column":64}},"154":{"start":{"line":155,"column":0},"end":{"line":155,"column":21}},"155":{"start":{"line":156,"column":0},"end":{"line":156,"column":20}},"156":{"start":{"line":157,"column":0},"end":{"line":157,"column":48}},"157":{"start":{"line":158,"column":0},"end":{"line":158,"column":3}},"158":{"start":{"line":159,"column":0},"end":{"line":159,"column":1}},"160":{"start":{"line":161,"column":0},"end":{"line":161,"column":89}},"161":{"start":{"line":162,"column":0},"end":{"line":162,"column":54}},"162":{"start":{"line":163,"column":0},"end":{"line":163,"column":54}},"163":{"start":{"line":164,"column":0},"end":{"line":164,"column":1}},"165":{"start":{"line":166,"column":0},"end":{"line":166,"column":51}},"169":{"start":{"line":170,"column":0},"end":{"line":170,"column":18}},"170":{"start":{"line":171,"column":0},"end":{"line":171,"column":54}},"171":{"start":{"line":172,"column":0},"end":{"line":172,"column":66}},"172":{"start":{"line":173,"column":0},"end":{"line":173,"column":61}},"173":{"start":{"line":174,"column":0},"end":{"line":174,"column":61}},"174":{"start":{"line":175,"column":0},"end":{"line":175,"column":96}},"175":{"start":{"line":176,"column":0},"end":{"line":176,"column":1}}},"s":{"0":1,"19":1,"21":14,"22":14,"23":14,"25":10,"26":10,"27":1,"28":1,"29":10,"30":1,"31":1,"32":10,"33":2,"34":2,"35":6,"36":6,"38":1,"39":6,"40":6,"41":6,"42":6,"43":6,"44":0,"46":6,"47":6,"48":6,"49":6,"51":6,"52":6,"54":1,"55":3,"56":3,"57":21,"58":21,"59":21,"60":21,"61":3,"62":3,"64":3,"65":3,"66":3,"67":4,"68":4,"69":2,"70":2,"71":2,"72":2,"73":4,"74":3,"75":3,"77":1,"78":1,"79":1,"81":1,"82":1,"83":2,"84":2,"85":2,"86":2,"87":2,"88":2,"89":2,"91":1,"92":1,"94":1,"95":2,"96":2,"97":2,"98":4,"99":4,"100":7,"101":7,"102":7,"103":7,"104":7,"105":4,"106":2,"107":2,"109":5,"110":5,"111":5,"113":8,"114":8,"115":8,"116":8,"117":8,"118":8,"120":1,"124":2,"125":2,"126":2,"127":2,"129":2,"130":2,"132":2,"133":2,"134":2,"135":5,"136":0,"137":0,"138":0,"139":5,"140":5,"142":2,"143":2,"144":6,"145":2,"146":2,"147":2,"148":6,"149":6,"151":2,"152":2,"153":2,"154":2,"155":2,"156":2,"157":2,"158":2,"160":1,"161":1,"162":1,"163":1,"165":1,"169":1,"170":1,"171":1,"172":1,"173":1,"174":1,"175":1},"branchMap":{"0":{"type":"branch","line":22,"loc":{"start":{"line":22,"column":0},"end":{"line":24,"column":1}},"locations":[{"start":{"line":22,"column":0},"end":{"line":24,"column":1}}]},"1":{"type":"branch","line":26,"loc":{"start":{"line":26,"column":0},"end":{"line":37,"column":1}},"locations":[{"start":{"line":26,"column":0},"end":{"line":37,"column":1}}]},"2":{"type":"branch","line":27,"loc":{"start":{"line":27,"column":32},"end":{"line":27,"column":61}},"locations":[{"start":{"line":27,"column":32},"end":{"line":27,"column":61}}]},"3":{"type":"branch","line":27,"loc":{"start":{"line":27,"column":61},"end":{"line":29,"column":3}},"locations":[{"start":{"line":27,"column":61},"end":{"line":29,"column":3}}]},"4":{"type":"branch","line":29,"loc":{"start":{"line":29,"column":2},"end":{"line":30,"column":36}},"locations":[{"start":{"line":29,"column":2},"end":{"line":30,"column":36}}]},"5":{"type":"branch","line":30,"loc":{"start":{"line":30,"column":31},"end":{"line":30,"column":59}},"locations":[{"start":{"line":30,"column":31},"end":{"line":30,"column":59}}]},"6":{"type":"branch","line":30,"loc":{"start":{"line":30,"column":59},"end":{"line":32,"column":3}},"locations":[{"start":{"line":30,"column":59},"end":{"line":32,"column":3}}]},"7":{"type":"branch","line":32,"loc":{"start":{"line":32,"column":2},"end":{"line":33,"column":33}},"locations":[{"start":{"line":32,"column":2},"end":{"line":33,"column":33}}]},"8":{"type":"branch","line":33,"loc":{"start":{"line":33,"column":28},"end":{"line":33,"column":56}},"locations":[{"start":{"line":33,"column":28},"end":{"line":33,"column":56}}]},"9":{"type":"branch","line":33,"loc":{"start":{"line":33,"column":56},"end":{"line":35,"column":3}},"locations":[{"start":{"line":33,"column":56},"end":{"line":35,"column":3}}]},"10":{"type":"branch","line":35,"loc":{"start":{"line":35,"column":2},"end":{"line":37,"column":1}},"locations":[{"start":{"line":35,"column":2},"end":{"line":37,"column":1}}]},"11":{"type":"branch","line":39,"loc":{"start":{"line":39,"column":7},"end":{"line":53,"column":1}},"locations":[{"start":{"line":39,"column":7},"end":{"line":53,"column":1}}]},"12":{"type":"branch","line":44,"loc":{"start":{"line":44,"column":49},"end":{"line":45,"column":21}},"locations":[{"start":{"line":44,"column":49},"end":{"line":45,"column":21}}]},"13":{"type":"branch","line":52,"loc":{"start":{"line":52,"column":56},"end":{"line":52,"column":63}},"locations":[{"start":{"line":52,"column":56},"end":{"line":52,"column":63}}]},"14":{"type":"branch","line":55,"loc":{"start":{"line":55,"column":7},"end":{"line":63,"column":1}},"locations":[{"start":{"line":55,"column":7},"end":{"line":63,"column":1}}]},"15":{"type":"branch","line":57,"loc":{"start":{"line":57,"column":37},"end":{"line":61,"column":3}},"locations":[{"start":{"line":57,"column":37},"end":{"line":61,"column":3}}]},"16":{"type":"branch","line":60,"loc":{"start":{"line":60,"column":31},"end":{"line":60,"column":59}},"locations":[{"start":{"line":60,"column":31},"end":{"line":60,"column":59}}]},"17":{"type":"branch","line":60,"loc":{"start":{"line":60,"column":59},"end":{"line":60,"column":78}},"locations":[{"start":{"line":60,"column":59},"end":{"line":60,"column":78}}]},"18":{"type":"branch","line":65,"loc":{"start":{"line":65,"column":0},"end":{"line":76,"column":1}},"locations":[{"start":{"line":65,"column":0},"end":{"line":76,"column":1}}]},"19":{"type":"branch","line":66,"loc":{"start":{"line":66,"column":27},"end":{"line":66,"column":39}},"locations":[{"start":{"line":66,"column":27},"end":{"line":66,"column":39}}]},"20":{"type":"branch","line":67,"loc":{"start":{"line":67,"column":68},"end":{"line":74,"column":3}},"locations":[{"start":{"line":67,"column":68},"end":{"line":74,"column":3}}]},"21":{"type":"branch","line":69,"loc":{"start":{"line":69,"column":29},"end":{"line":73,"column":5}},"locations":[{"start":{"line":69,"column":29},"end":{"line":73,"column":5}}]},"22":{"type":"branch","line":78,"loc":{"start":{"line":78,"column":7},"end":{"line":93,"column":1}},"locations":[{"start":{"line":78,"column":7},"end":{"line":93,"column":1}}]},"23":{"type":"branch","line":83,"loc":{"start":{"line":83,"column":33},"end":{"line":90,"column":3}},"locations":[{"start":{"line":83,"column":33},"end":{"line":90,"column":3}}]},"24":{"type":"branch","line":95,"loc":{"start":{"line":95,"column":7},"end":{"line":108,"column":1}},"locations":[{"start":{"line":95,"column":7},"end":{"line":108,"column":1}}]},"25":{"type":"branch","line":97,"loc":{"start":{"line":97,"column":25},"end":{"line":97,"column":36}},"locations":[{"start":{"line":97,"column":25},"end":{"line":97,"column":36}}]},"26":{"type":"branch","line":98,"loc":{"start":{"line":98,"column":59},"end":{"line":106,"column":3}},"locations":[{"start":{"line":98,"column":59},"end":{"line":106,"column":3}}]},"27":{"type":"branch","line":100,"loc":{"start":{"line":100,"column":75},"end":{"line":105,"column":5}},"locations":[{"start":{"line":100,"column":75},"end":{"line":105,"column":5}}]},"28":{"type":"branch","line":110,"loc":{"start":{"line":110,"column":0},"end":{"line":112,"column":1}},"locations":[{"start":{"line":110,"column":0},"end":{"line":112,"column":1}}]},"29":{"type":"branch","line":114,"loc":{"start":{"line":114,"column":0},"end":{"line":119,"column":1}},"locations":[{"start":{"line":114,"column":0},"end":{"line":119,"column":1}}]},"30":{"type":"branch","line":121,"loc":{"start":{"line":121,"column":7},"end":{"line":159,"column":1}},"locations":[{"start":{"line":121,"column":7},"end":{"line":159,"column":1}}]},"31":{"type":"branch","line":126,"loc":{"start":{"line":126,"column":34},"end":{"line":126,"column":48}},"locations":[{"start":{"line":126,"column":34},"end":{"line":126,"column":48}}]},"32":{"type":"branch","line":135,"loc":{"start":{"line":135,"column":36},"end":{"line":141,"column":3}},"locations":[{"start":{"line":135,"column":36},"end":{"line":141,"column":3}}]},"33":{"type":"branch","line":136,"loc":{"start":{"line":136,"column":25},"end":{"line":139,"column":5}},"locations":[{"start":{"line":136,"column":25},"end":{"line":139,"column":5}}]},"34":{"type":"branch","line":140,"loc":{"start":{"line":140,"column":29},"end":{"line":140,"column":54}},"locations":[{"start":{"line":140,"column":29},"end":{"line":140,"column":54}}]},"35":{"type":"branch","line":144,"loc":{"start":{"line":144,"column":38},"end":{"line":150,"column":3}},"locations":[{"start":{"line":144,"column":38},"end":{"line":150,"column":3}}]},"36":{"type":"branch","line":145,"loc":{"start":{"line":145,"column":25},"end":{"line":148,"column":5}},"locations":[{"start":{"line":145,"column":25},"end":{"line":148,"column":5}}]},"37":{"type":"branch","line":148,"loc":{"start":{"line":148,"column":4},"end":{"line":149,"column":43}},"locations":[{"start":{"line":148,"column":4},"end":{"line":149,"column":43}}]},"38":{"type":"branch","line":149,"loc":{"start":{"line":149,"column":27},"end":{"line":149,"column":72}},"locations":[{"start":{"line":149,"column":27},"end":{"line":149,"column":72}}]},"39":{"type":"branch","line":126,"loc":{"start":{"line":126,"column":52},"end":{"line":126,"column":80}},"locations":[{"start":{"line":126,"column":52},"end":{"line":126,"column":80}}]},"40":{"type":"branch","line":127,"loc":{"start":{"line":127,"column":72},"end":{"line":127,"column":119}},"locations":[{"start":{"line":127,"column":72},"end":{"line":127,"column":119}}]},"41":{"type":"branch","line":128,"loc":{"start":{"line":128,"column":76},"end":{"line":128,"column":106}},"locations":[{"start":{"line":128,"column":76},"end":{"line":128,"column":106}}]},"42":{"type":"branch","line":161,"loc":{"start":{"line":161,"column":7},"end":{"line":164,"column":1}},"locations":[{"start":{"line":161,"column":7},"end":{"line":164,"column":1}}]},"43":{"type":"branch","line":166,"loc":{"start":{"line":166,"column":7},"end":{"line":176,"column":1}},"locations":[{"start":{"line":166,"column":7},"end":{"line":176,"column":1}}]}},"b":{"0":[14],"1":[10],"2":[1],"3":[1],"4":[9],"5":[1],"6":[1],"7":[8],"8":[2],"9":[2],"10":[6],"11":[6],"12":[0],"13":[0],"14":[3],"15":[21],"16":[17],"17":[4],"18":[3],"19":[0],"20":[4],"21":[2],"22":[1],"23":[2],"24":[2],"25":[0],"26":[4],"27":[7],"28":[5],"29":[8],"30":[2],"31":[0],"32":[5],"33":[0],"34":[1],"35":[6],"36":[2],"37":[4],"38":[0],"39":[2],"40":[5],"41":[6],"42":[1],"43":[1]},"fnMap":{"0":{"name":"toPosix","decl":{"start":{"line":22,"column":0},"end":{"line":24,"column":1}},"loc":{"start":{"line":22,"column":0},"end":{"line":24,"column":1}},"line":22},"1":{"name":"normalizeSegment","decl":{"start":{"line":26,"column":0},"end":{"line":37,"column":1}},"loc":{"start":{"line":26,"column":0},"end":{"line":37,"column":1}},"line":26},"2":{"name":"routeFileToApiPath","decl":{"start":{"line":39,"column":7},"end":{"line":53,"column":1}},"loc":{"start":{"line":39,"column":7},"end":{"line":53,"column":1}},"line":39},"3":{"name":"extractHttpMethods","decl":{"start":{"line":55,"column":7},"end":{"line":63,"column":1}},"loc":{"start":{"line":55,"column":7},"end":{"line":63,"column":1}},"line":55},"4":{"name":"walkRouteFiles","decl":{"start":{"line":65,"column":0},"end":{"line":76,"column":1}},"loc":{"start":{"line":65,"column":0},"end":{"line":76,"column":1}},"line":65},"5":{"name":"collectRouteOperations","decl":{"start":{"line":78,"column":7},"end":{"line":93,"column":1}},"loc":{"start":{"line":78,"column":7},"end":{"line":93,"column":1}},"line":78},"6":{"name":"collectOpenApiOperations","decl":{"start":{"line":95,"column":7},"end":{"line":108,"column":1}},"loc":{"start":{"line":95,"column":7},"end":{"line":108,"column":1}},"line":95},"7":{"name":"toContractOperation","decl":{"start":{"line":110,"column":0},"end":{"line":112,"column":1}},"loc":{"start":{"line":110,"column":0},"end":{"line":112,"column":1}},"line":110},"8":{"name":"normalizeOperation","decl":{"start":{"line":114,"column":0},"end":{"line":119,"column":1}},"loc":{"start":{"line":114,"column":0},"end":{"line":119,"column":1}},"line":114},"9":{"name":"compareApiContractParity","decl":{"start":{"line":121,"column":7},"end":{"line":159,"column":1}},"loc":{"start":{"line":121,"column":7},"end":{"line":159,"column":1}},"line":121},"10":{"name":"loadOpenApiFile","decl":{"start":{"line":161,"column":7},"end":{"line":164,"column":1}},"loc":{"start":{"line":161,"column":7},"end":{"line":164,"column":1}},"line":161},"11":{"name":"runApiContractParityCheck","decl":{"start":{"line":166,"column":7},"end":{"line":176,"column":1}},"loc":{"start":{"line":166,"column":7},"end":{"line":176,"column":1}},"line":166}},"f":{"0":14,"1":10,"2":6,"3":3,"4":3,"5":1,"6":2,"7":5,"8":8,"9":2,"10":1,"11":1}}
,"C:\\Users\\swade\\Repos\\openclaw-mission-control\\src\\lib\\browser-security.ts": {"path":"C:\\Users\\swade\\Repos\\openclaw-mission-control\\src\\lib\\browser-security.ts","all":false,"statementMap":{"0":{"start":{"line":1,"column":0},"end":{"line":1,"column":54}},"1":{"start":{"line":2,"column":0},"end":{"line":2,"column":38}},"2":{"start":{"line":3,"column":0},"end":{"line":3,"column":1}},"4":{"start":{"line":5,"column":0},"end":{"line":5,"column":65}},"5":{"start":{"line":6,"column":0},"end":{"line":6,"column":48}},"6":{"start":{"line":7,"column":0},"end":{"line":7,"column":10}},"7":{"start":{"line":8,"column":0},"end":{"line":8,"column":33}},"8":{"start":{"line":9,"column":0},"end":{"line":9,"column":33}},"9":{"start":{"line":10,"column":0},"end":{"line":10,"column":27}},"10":{"start":{"line":11,"column":0},"end":{"line":11,"column":33}},"12":{"start":{"line":13,"column":0},"end":{"line":13,"column":1}},"14":{"start":{"line":15,"column":0},"end":{"line":15,"column":55}},"18":{"start":{"line":19,"column":0},"end":{"line":19,"column":13}},"19":{"start":{"line":20,"column":0},"end":{"line":20,"column":37}},"20":{"start":{"line":21,"column":0},"end":{"line":21,"column":76}},"21":{"start":{"line":22,"column":0},"end":{"line":22,"column":1}}},"s":{"0":5,"1":5,"2":5,"4":1,"5":5,"6":5,"7":5,"8":3,"9":2,"10":2,"12":5,"14":1,"18":3,"19":3,"20":2,"21":3},"branchMap":{"0":{"type":"branch","line":1,"loc":{"start":{"line":1,"column":0},"end":{"line":3,"column":1}},"locations":[{"start":{"line":1,"column":0},"end":{"line":3,"column":1}}]},"1":{"type":"branch","line":5,"loc":{"start":{"line":5,"column":7},"end":{"line":13,"column":1}},"locations":[{"start":{"line":5,"column":7},"end":{"line":13,"column":1}}]},"2":{"type":"branch","line":8,"loc":{"start":{"line":8,"column":19},"end":{"line":9,"column":33}},"locations":[{"start":{"line":8,"column":19},"end":{"line":9,"column":33}}]},"3":{"type":"branch","line":9,"loc":{"start":{"line":9,"column":19},"end":{"line":10,"column":27}},"locations":[{"start":{"line":9,"column":19},"end":{"line":10,"column":27}}]},"4":{"type":"branch","line":10,"loc":{"start":{"line":10,"column":19},"end":{"line":11,"column":33}},"locations":[{"start":{"line":10,"column":19},"end":{"line":11,"column":33}}]},"5":{"type":"branch","line":15,"loc":{"start":{"line":15,"column":7},"end":{"line":22,"column":1}},"locations":[{"start":{"line":15,"column":7},"end":{"line":22,"column":1}}]},"6":{"type":"branch","line":20,"loc":{"start":{"line":20,"column":25},"end":{"line":20,"column":37}},"locations":[{"start":{"line":20,"column":25},"end":{"line":20,"column":37}}]},"7":{"type":"branch","line":20,"loc":{"start":{"line":20,"column":32},"end":{"line":21,"column":76}},"locations":[{"start":{"line":20,"column":32},"end":{"line":21,"column":76}}]}},"b":{"0":[5],"1":[5],"2":[3],"3":[2],"4":[2],"5":[3],"6":[1],"7":[2]},"fnMap":{"0":{"name":"normalizeHostname","decl":{"start":{"line":1,"column":0},"end":{"line":3,"column":1}},"loc":{"start":{"line":1,"column":0},"end":{"line":3,"column":1}},"line":1},"1":{"name":"isLocalDashboardHost","decl":{"start":{"line":5,"column":7},"end":{"line":13,"column":1}},"loc":{"start":{"line":5,"column":7},"end":{"line":13,"column":1}},"line":5},"2":{"name":"shouldRedirectDashboardToHttps","decl":{"start":{"line":15,"column":7},"end":{"line":22,"column":1}},"loc":{"start":{"line":15,"column":7},"end":{"line":22,"column":1}},"line":15}},"f":{"0":5,"1":5,"2":3}}
,"C:\\Users\\swade\\Repos\\openclaw-mission-control\\src\\lib\\config-schema-utils.ts": {"path":"C:\\Users\\swade\\Repos\\openclaw-mission-control\\src\\lib\\config-schema-utils.ts","all":false,"statementMap":{"24":{"start":{"line":25,"column":0},"end":{"line":25,"column":80}},"25":{"start":{"line":26,"column":0},"end":{"line":26,"column":31}},"26":{"start":{"line":27,"column":0},"end":{"line":27,"column":35}},"27":{"start":{"line":28,"column":0},"end":{"line":28,"column":58}},"28":{"start":{"line":29,"column":0},"end":{"line":29,"column":40}},"29":{"start":{"line":30,"column":0},"end":{"line":30,"column":3}},"30":{"start":{"line":31,"column":0},"end":{"line":31,"column":37}},"31":{"start":{"line":32,"column":0},"end":{"line":32,"column":71}},"32":{"start":{"line":33,"column":0},"end":{"line":33,"column":18}},"33":{"start":{"line":34,"column":0},"end":{"line":34,"column":1}},"36":{"start":{"line":37,"column":0},"end":{"line":37,"column":65}},"37":{"start":{"line":38,"column":0},"end":{"line":38,"column":51}},"39":{"start":{"line":40,"column":0},"end":{"line":40,"column":50}},"40":{"start":{"line":41,"column":0},"end":{"line":41,"column":32}},"41":{"start":{"line":42,"column":0},"end":{"line":42,"column":36}},"42":{"start":{"line":43,"column":0},"end":{"line":43,"column":22}},"44":{"start":{"line":45,"column":0},"end":{"line":45,"column":30}},"45":{"start":{"line":46,"column":0},"end":{"line":46,"column":53}},"46":{"start":{"line":47,"column":0},"end":{"line":47,"column":36}},"47":{"start":{"line":48,"column":0},"end":{"line":48,"column":35}},"48":{"start":{"line":49,"column":0},"end":{"line":49,"column":52}},"49":{"start":{"line":50,"column":0},"end":{"line":50,"column":68}},"50":{"start":{"line":51,"column":0},"end":{"line":51,"column":7}},"51":{"start":{"line":52,"column":0},"end":{"line":52,"column":14}},"52":{"start":{"line":53,"column":0},"end":{"line":53,"column":5}},"53":{"start":{"line":54,"column":0},"end":{"line":54,"column":27}},"54":{"start":{"line":55,"column":0},"end":{"line":55,"column":60}},"55":{"start":{"line":56,"column":0},"end":{"line":56,"column":32}},"56":{"start":{"line":57,"column":0},"end":{"line":57,"column":14}},"57":{"start":{"line":58,"column":0},"end":{"line":58,"column":5}},"58":{"start":{"line":59,"column":0},"end":{"line":59,"column":67}},"59":{"start":{"line":60,"column":0},"end":{"line":60,"column":25}},"60":{"start":{"line":61,"column":0},"end":{"line":61,"column":3}},"62":{"start":{"line":63,"column":0},"end":{"line":63,"column":54}},"63":{"start":{"line":64,"column":0},"end":{"line":64,"column":86}},"64":{"start":{"line":65,"column":0},"end":{"line":65,"column":3}},"65":{"start":{"line":66,"column":0},"end":{"line":66,"column":31}},"66":{"start":{"line":67,"column":0},"end":{"line":67,"column":130}},"67":{"start":{"line":68,"column":0},"end":{"line":68,"column":3}},"68":{"start":{"line":69,"column":0},"end":{"line":69,"column":15}},"69":{"start":{"line":70,"column":0},"end":{"line":70,"column":1}},"72":{"start":{"line":73,"column":0},"end":{"line":73,"column":56}},"73":{"start":{"line":74,"column":0},"end":{"line":74,"column":36}},"74":{"start":{"line":75,"column":0},"end":{"line":75,"column":50}},"75":{"start":{"line":76,"column":0},"end":{"line":76,"column":48}},"76":{"start":{"line":77,"column":0},"end":{"line":77,"column":48}},"77":{"start":{"line":78,"column":0},"end":{"line":78,"column":42}},"78":{"start":{"line":79,"column":0},"end":{"line":79,"column":48}},"79":{"start":{"line":80,"column":0},"end":{"line":80,"column":17}},"80":{"start":{"line":81,"column":0},"end":{"line":81,"column":1}},"83":{"start":{"line":84,"column":0},"end":{"line":84,"column":65}},"84":{"start":{"line":85,"column":0},"end":{"line":85,"column":32}},"85":{"start":{"line":86,"column":0},"end":{"line":86,"column":32}},"86":{"start":{"line":87,"column":0},"end":{"line":87,"column":52}},"87":{"start":{"line":88,"column":0},"end":{"line":88,"column":58}},"88":{"start":{"line":89,"column":0},"end":{"line":89,"column":5}},"89":{"start":{"line":90,"column":0},"end":{"line":90,"column":23}},"90":{"start":{"line":91,"column":0},"end":{"line":91,"column":66}},"91":{"start":{"line":92,"column":0},"end":{"line":92,"column":5}},"92":{"start":{"line":93,"column":0},"end":{"line":93,"column":57}},"93":{"start":{"line":94,"column":0},"end":{"line":94,"column":3}},"94":{"start":{"line":95,"column":0},"end":{"line":95,"column":14}},"95":{"start":{"line":96,"column":0},"end":{"line":96,"column":18}},"96":{"start":{"line":97,"column":0},"end":{"line":97,"column":1}}},"s":{"24":1,"25":17,"26":17,"27":1,"28":1,"29":1,"30":17,"31":17,"32":0,"33":0,"36":1,"37":12,"39":12,"40":12,"41":12,"42":12,"44":12,"45":10,"46":10,"47":1,"48":3,"49":2,"50":3,"51":1,"52":1,"53":10,"54":3,"55":3,"56":3,"57":3,"58":10,"59":4,"60":4,"62":12,"63":2,"64":2,"65":12,"66":2,"67":2,"68":1,"69":1,"72":1,"73":7,"74":7,"75":7,"76":7,"77":7,"78":1,"79":0,"80":0,"83":1,"84":7,"85":7,"86":10,"87":10,"88":10,"89":10,"90":2,"91":2,"92":10,"93":10,"94":7,"95":7,"96":7},"branchMap":{"0":{"type":"branch","line":25,"loc":{"start":{"line":25,"column":7},"end":{"line":34,"column":1}},"locations":[{"start":{"line":25,"column":7},"end":{"line":34,"column":1}}]},"1":{"type":"branch","line":26,"loc":{"start":{"line":26,"column":15},"end":{"line":26,"column":31}},"locations":[{"start":{"line":26,"column":15},"end":{"line":26,"column":31}}]},"2":{"type":"branch","line":26,"loc":{"start":{"line":26,"column":22},"end":{"line":27,"column":34}},"locations":[{"start":{"line":26,"column":22},"end":{"line":27,"column":34}}]},"3":{"type":"branch","line":27,"loc":{"start":{"line":27,"column":34},"end":{"line":30,"column":3}},"locations":[{"start":{"line":27,"column":34},"end":{"line":30,"column":3}}]},"4":{"type":"branch","line":29,"loc":{"start":{"line":29,"column":21},"end":{"line":29,"column":40}},"locations":[{"start":{"line":29,"column":21},"end":{"line":29,"column":40}}]},"5":{"type":"branch","line":30,"loc":{"start":{"line":30,"column":2},"end":{"line":31,"column":26}},"locations":[{"start":{"line":30,"column":2},"end":{"line":31,"column":26}}]},"6":{"type":"branch","line":31,"loc":{"start":{"line":31,"column":19},"end":{"line":31,"column":37}},"locations":[{"start":{"line":31,"column":19},"end":{"line":31,"column":37}}]},"7":{"type":"branch","line":31,"loc":{"start":{"line":31,"column":33},"end":{"line":32,"column":27}},"locations":[{"start":{"line":31,"column":33},"end":{"line":32,"column":27}}]},"8":{"type":"branch","line":32,"loc":{"start":{"line":32,"column":13},"end":{"line":32,"column":56}},"locations":[{"start":{"line":32,"column":13},"end":{"line":32,"column":56}}]},"9":{"type":"branch","line":32,"loc":{"start":{"line":32,"column":56},"end":{"line":32,"column":71}},"locations":[{"start":{"line":32,"column":56},"end":{"line":32,"column":71}}]},"10":{"type":"branch","line":32,"loc":{"start":{"line":32,"column":63},"end":{"line":34,"column":1}},"locations":[{"start":{"line":32,"column":63},"end":{"line":34,"column":1}}]},"11":{"type":"branch","line":28,"loc":{"start":{"line":28,"column":40},"end":{"line":28,"column":57}},"locations":[{"start":{"line":28,"column":40},"end":{"line":28,"column":57}}]},"12":{"type":"branch","line":37,"loc":{"start":{"line":37,"column":7},"end":{"line":70,"column":1}},"locations":[{"start":{"line":37,"column":7},"end":{"line":70,"column":1}}]},"13":{"type":"branch","line":38,"loc":{"start":{"line":38,"column":14},"end":{"line":38,"column":38}},"locations":[{"start":{"line":38,"column":14},"end":{"line":38,"column":38}}]},"14":{"type":"branch","line":38,"loc":{"start":{"line":38,"column":38},"end":{"line":38,"column":51}},"locations":[{"start":{"line":38,"column":38},"end":{"line":38,"column":51}}]},"15":{"type":"branch","line":38,"loc":{"start":{"line":38,"column":45},"end":{"line":40,"column":32}},"locations":[{"start":{"line":38,"column":45},"end":{"line":40,"column":32}}]},"16":{"type":"branch","line":40,"loc":{"start":{"line":40,"column":23},"end":{"line":40,"column":48}},"locations":[{"start":{"line":40,"column":23},"end":{"line":40,"column":48}}]},"17":{"type":"branch","line":40,"loc":{"start":{"line":40,"column":39},"end":{"line":40,"column":50}},"locations":[{"start":{"line":40,"column":39},"end":{"line":40,"column":50}}]},"18":{"type":"branch","line":45,"loc":{"start":{"line":45,"column":29},"end":{"line":61,"column":3}},"locations":[{"start":{"line":45,"column":29},"end":{"line":61,"column":3}}]},"19":{"type":"branch","line":46,"loc":{"start":{"line":46,"column":45},"end":{"line":46,"column":53}},"locations":[{"start":{"line":46,"column":45},"end":{"line":46,"column":53}}]},"20":{"type":"branch","line":47,"loc":{"start":{"line":47,"column":35},"end":{"line":53,"column":5}},"locations":[{"start":{"line":47,"column":35},"end":{"line":53,"column":5}}]},"21":{"type":"branch","line":48,"loc":{"start":{"line":48,"column":34},"end":{"line":51,"column":7}},"locations":[{"start":{"line":48,"column":34},"end":{"line":51,"column":7}}]},"22":{"type":"branch","line":49,"loc":{"start":{"line":49,"column":23},"end":{"line":49,"column":52}},"locations":[{"start":{"line":49,"column":23},"end":{"line":49,"column":52}}]},"23":{"type":"branch","line":49,"loc":{"start":{"line":49,"column":51},"end":{"line":50,"column":68}},"locations":[{"start":{"line":49,"column":51},"end":{"line":50,"column":68}}]},"24":{"type":"branch","line":53,"loc":{"start":{"line":53,"column":4},"end":{"line":54,"column":26}},"locations":[{"start":{"line":53,"column":4},"end":{"line":54,"column":26}}]},"25":{"type":"branch","line":54,"loc":{"start":{"line":54,"column":26},"end":{"line":58,"column":5}},"locations":[{"start":{"line":54,"column":26},"end":{"line":58,"column":5}}]},"26":{"type":"branch","line":55,"loc":{"start":{"line":55,"column":31},"end":{"line":55,"column":60}},"locations":[{"start":{"line":55,"column":31},"end":{"line":55,"column":60}}]},"27":{"type":"branch","line":58,"loc":{"start":{"line":58,"column":4},"end":{"line":59,"column":38}},"locations":[{"start":{"line":58,"column":4},"end":{"line":59,"column":38}}]},"28":{"type":"branch","line":59,"loc":{"start":{"line":59,"column":38},"end":{"line":59,"column":67}},"locations":[{"start":{"line":59,"column":38},"end":{"line":59,"column":67}}]},"29":{"type":"branch","line":59,"loc":{"start":{"line":59,"column":66},"end":{"line":61,"column":3}},"locations":[{"start":{"line":59,"column":66},"end":{"line":61,"column":3}}]},"30":{"type":"branch","line":61,"loc":{"start":{"line":61,"column":2},"end":{"line":63,"column":29}},"locations":[{"start":{"line":61,"column":2},"end":{"line":63,"column":29}}]},"31":{"type":"branch","line":63,"loc":{"start":{"line":63,"column":24},"end":{"line":63,"column":53}},"locations":[{"start":{"line":63,"column":24},"end":{"line":63,"column":53}}]},"32":{"type":"branch","line":63,"loc":{"start":{"line":63,"column":53},"end":{"line":65,"column":3}},"locations":[{"start":{"line":63,"column":53},"end":{"line":65,"column":3}}]},"33":{"type":"branch","line":65,"loc":{"start":{"line":65,"column":2},"end":{"line":66,"column":30}},"locations":[{"start":{"line":65,"column":2},"end":{"line":66,"column":30}}]},"34":{"type":"branch","line":66,"loc":{"start":{"line":66,"column":30},"end":{"line":68,"column":3}},"locations":[{"start":{"line":66,"column":30},"end":{"line":68,"column":3}}]},"35":{"type":"branch","line":68,"loc":{"start":{"line":68,"column":2},"end":{"line":70,"column":1}},"locations":[{"start":{"line":68,"column":2},"end":{"line":70,"column":1}}]},"36":{"type":"branch","line":50,"loc":{"start":{"line":50,"column":27},"end":{"line":50,"column":49}},"locations":[{"start":{"line":50,"column":27},"end":{"line":50,"column":49}}]},"37":{"type":"branch","line":73,"loc":{"start":{"line":73,"column":7},"end":{"line":81,"column":1}},"locations":[{"start":{"line":73,"column":7},"end":{"line":81,"column":1}}]},"38":{"type":"branch","line":74,"loc":{"start":{"line":74,"column":21},"end":{"line":74,"column":36}},"locations":[{"start":{"line":74,"column":21},"end":{"line":74,"column":36}}]},"39":{"type":"branch","line":74,"loc":{"start":{"line":74,"column":28},"end":{"line":75,"column":41}},"locations":[{"start":{"line":74,"column":28},"end":{"line":75,"column":41}}]},"40":{"type":"branch","line":75,"loc":{"start":{"line":75,"column":34},"end":{"line":75,"column":50}},"locations":[{"start":{"line":75,"column":34},"end":{"line":75,"column":50}}]},"41":{"type":"branch","line":75,"loc":{"start":{"line":75,"column":41},"end":{"line":76,"column":40}},"locations":[{"start":{"line":75,"column":41},"end":{"line":76,"column":40}}]},"42":{"type":"branch","line":76,"loc":{"start":{"line":76,"column":33},"end":{"line":76,"column":48}},"locations":[{"start":{"line":76,"column":33},"end":{"line":76,"column":48}}]},"43":{"type":"branch","line":76,"loc":{"start":{"line":76,"column":40},"end":{"line":77,"column":40}},"locations":[{"start":{"line":76,"column":40},"end":{"line":77,"column":40}}]},"44":{"type":"branch","line":77,"loc":{"start":{"line":77,"column":33},"end":{"line":77,"column":48}},"locations":[{"start":{"line":77,"column":33},"end":{"line":77,"column":48}}]},"45":{"type":"branch","line":77,"loc":{"start":{"line":77,"column":40},"end":{"line":78,"column":35}},"locations":[{"start":{"line":77,"column":40},"end":{"line":78,"column":35}}]},"46":{"type":"branch","line":78,"loc":{"start":{"line":78,"column":28},"end":{"line":79,"column":48}},"locations":[{"start":{"line":78,"column":28},"end":{"line":79,"column":48}}]},"47":{"type":"branch","line":79,"loc":{"start":{"line":79,"column":40},"end":{"line":81,"column":1}},"locations":[{"start":{"line":79,"column":40},"end":{"line":81,"column":1}}]},"48":{"type":"branch","line":84,"loc":{"start":{"line":84,"column":7},"end":{"line":97,"column":1}},"locations":[{"start":{"line":84,"column":7},"end":{"line":97,"column":1}}]},"49":{"type":"branch","line":86,"loc":{"start":{"line":86,"column":2},"end":{"line":94,"column":3}},"locations":[{"start":{"line":86,"column":2},"end":{"line":94,"column":3}}]},"50":{"type":"branch","line":87,"loc":{"start":{"line":87,"column":31},"end":{"line":87,"column":46}},"locations":[{"start":{"line":87,"column":31},"end":{"line":87,"column":46}}]},"51":{"type":"branch","line":87,"loc":{"start":{"line":87,"column":38},"end":{"line":87,"column":51}},"locations":[{"start":{"line":87,"column":38},"end":{"line":87,"column":51}}]},"52":{"type":"branch","line":90,"loc":{"start":{"line":90,"column":22},"end":{"line":92,"column":5}},"locations":[{"start":{"line":90,"column":22},"end":{"line":92,"column":5}}]},"53":{"type":"branch","line":93,"loc":{"start":{"line":93,"column":10},"end":{"line":93,"column":44}},"locations":[{"start":{"line":93,"column":10},"end":{"line":93,"column":44}}]},"54":{"type":"branch","line":93,"loc":{"start":{"line":93,"column":44},"end":{"line":93,"column":57}},"locations":[{"start":{"line":93,"column":44},"end":{"line":93,"column":57}}]}},"b":{"0":[17],"1":[1],"2":[16],"3":[1],"4":[0],"5":[15],"6":[13],"7":[2],"8":[1],"9":[2],"10":[0],"11":[2],"12":[12],"13":[8],"14":[7],"15":[5],"16":[1],"17":[0],"18":[10],"19":[0],"20":[1],"21":[3],"22":[1],"23":[2],"24":[9],"25":[3],"26":[0],"27":[6],"28":[2],"29":[4],"30":[5],"31":[2],"32":[2],"33":[3],"34":[2],"35":[1],"36":[1],"37":[7],"38":[2],"39":[5],"40":[1],"41":[4],"42":[1],"43":[3],"44":[1],"45":[2],"46":[1],"47":[0],"48":[7],"49":[10],"50":[3],"51":[2],"52":[2],"53":[1],"54":[1]},"fnMap":{"0":{"name":"schemaType","decl":{"start":{"line":25,"column":7},"end":{"line":34,"column":1}},"loc":{"start":{"line":25,"column":7},"end":{"line":34,"column":1}},"line":25},"1":{"name":"normalizeSchema","decl":{"start":{"line":37,"column":7},"end":{"line":70,"column":1}},"loc":{"start":{"line":37,"column":7},"end":{"line":70,"column":1}},"line":37},"2":{"name":"inferFieldType","decl":{"start":{"line":73,"column":7},"end":{"line":81,"column":1}},"loc":{"start":{"line":73,"column":7},"end":{"line":81,"column":1}},"line":73},"3":{"name":"extractSchemaTags","decl":{"start":{"line":84,"column":7},"end":{"line":97,"column":1}},"loc":{"start":{"line":84,"column":7},"end":{"line":97,"column":1}},"line":84},"4":{"name":"walk","decl":{"start":{"line":86,"column":2},"end":{"line":94,"column":3}},"loc":{"start":{"line":86,"column":2},"end":{"line":94,"column":3}},"line":86}},"f":{"0":17,"1":12,"2":7,"3":7,"4":10}}
,"C:\\Users\\swade\\Repos\\openclaw-mission-control\\src\\lib\\config.ts": {"path":"C:\\Users\\swade\\Repos\\openclaw-mission-control\\src\\lib\\config.ts","all":false,"statementMap":{"0":{"start":{"line":1,"column":0},"end":{"line":1,"column":24}},"5":{"start":{"line":6,"column":0},"end":{"line":6,"column":86}},"6":{"start":{"line":7,"column":0},"end":{"line":7,"column":35}},"7":{"start":{"line":8,"column":0},"end":{"line":8,"column":56}},"8":{"start":{"line":9,"column":0},"end":{"line":9,"column":1}},"10":{"start":{"line":11,"column":0},"end":{"line":11,"column":72}},"11":{"start":{"line":12,"column":0},"end":{"line":12,"column":56}},"12":{"start":{"line":13,"column":0},"end":{"line":13,"column":80}},"13":{"start":{"line":14,"column":0},"end":{"line":14,"column":24}},"14":{"start":{"line":15,"column":0},"end":{"line":15,"column":47}},"15":{"start":{"line":16,"column":0},"end":{"line":16,"column":49}},"16":{"start":{"line":17,"column":0},"end":{"line":17,"column":36}},"17":{"start":{"line":18,"column":0},"end":{"line":18,"column":56}},"18":{"start":{"line":19,"column":0},"end":{"line":19,"column":21}},"19":{"start":{"line":20,"column":0},"end":{"line":20,"column":35}},"20":{"start":{"line":21,"column":0},"end":{"line":21,"column":49}},"21":{"start":{"line":22,"column":0},"end":{"line":22,"column":55}},"22":{"start":{"line":23,"column":0},"end":{"line":23,"column":43}},"23":{"start":{"line":24,"column":0},"end":{"line":24,"column":55}},"24":{"start":{"line":25,"column":0},"end":{"line":25,"column":39}},"25":{"start":{"line":26,"column":0},"end":{"line":26,"column":53}},"26":{"start":{"line":27,"column":0},"end":{"line":27,"column":64}},"27":{"start":{"line":28,"column":0},"end":{"line":28,"column":47}},"28":{"start":{"line":29,"column":0},"end":{"line":29,"column":64}},"29":{"start":{"line":30,"column":0},"end":{"line":30,"column":68}},"30":{"start":{"line":31,"column":0},"end":{"line":31,"column":34}},"31":{"start":{"line":32,"column":0},"end":{"line":32,"column":37}},"32":{"start":{"line":33,"column":0},"end":{"line":33,"column":53}},"33":{"start":{"line":34,"column":0},"end":{"line":34,"column":4}},"34":{"start":{"line":35,"column":0},"end":{"line":35,"column":26}},"35":{"start":{"line":36,"column":0},"end":{"line":36,"column":30}},"36":{"start":{"line":37,"column":0},"end":{"line":37,"column":30}},"37":{"start":{"line":38,"column":0},"end":{"line":38,"column":46}},"38":{"start":{"line":39,"column":0},"end":{"line":39,"column":4}},"39":{"start":{"line":40,"column":0},"end":{"line":40,"column":24}},"40":{"start":{"line":41,"column":0},"end":{"line":41,"column":35}},"41":{"start":{"line":42,"column":0},"end":{"line":42,"column":35}},"42":{"start":{"line":43,"column":0},"end":{"line":43,"column":23}},"43":{"start":{"line":44,"column":0},"end":{"line":44,"column":99}},"44":{"start":{"line":45,"column":0},"end":{"line":45,"column":26}},"45":{"start":{"line":46,"column":0},"end":{"line":46,"column":31}},"46":{"start":{"line":47,"column":0},"end":{"line":47,"column":46}},"47":{"start":{"line":48,"column":0},"end":{"line":48,"column":28}},"48":{"start":{"line":49,"column":0},"end":{"line":49,"column":39}},"49":{"start":{"line":50,"column":0},"end":{"line":50,"column":46}},"50":{"start":{"line":51,"column":0},"end":{"line":51,"column":68}},"51":{"start":{"line":52,"column":0},"end":{"line":52,"column":33}},"52":{"start":{"line":53,"column":0},"end":{"line":53,"column":77}},"55":{"start":{"line":56,"column":0},"end":{"line":56,"column":6}},"56":{"start":{"line":57,"column":0},"end":{"line":57,"column":27}},"57":{"start":{"line":58,"column":0},"end":{"line":58,"column":64}},"58":{"start":{"line":59,"column":0},"end":{"line":59,"column":71}},"59":{"start":{"line":60,"column":0},"end":{"line":60,"column":5}},"60":{"start":{"line":61,"column":0},"end":{"line":61,"column":31}},"61":{"start":{"line":62,"column":0},"end":{"line":62,"column":3}},"62":{"start":{"line":63,"column":0},"end":{"line":63,"column":111}},"63":{"start":{"line":64,"column":0},"end":{"line":64,"column":4}},"65":{"start":{"line":66,"column":0},"end":{"line":66,"column":28}},"66":{"start":{"line":67,"column":0},"end":{"line":67,"column":69}},"68":{"start":{"line":69,"column":0},"end":{"line":69,"column":23}},"69":{"start":{"line":70,"column":0},"end":{"line":70,"column":13}},"70":{"start":{"line":71,"column":0},"end":{"line":71,"column":33}},"71":{"start":{"line":72,"column":0},"end":{"line":72,"column":39}},"72":{"start":{"line":73,"column":0},"end":{"line":73,"column":27}},"73":{"start":{"line":74,"column":0},"end":{"line":74,"column":25}},"74":{"start":{"line":75,"column":0},"end":{"line":75,"column":33}},"76":{"start":{"line":77,"column":0},"end":{"line":77,"column":33}},"77":{"start":{"line":78,"column":0},"end":{"line":78,"column":19}},"78":{"start":{"line":79,"column":0},"end":{"line":79,"column":21}},"79":{"start":{"line":80,"column":0},"end":{"line":80,"column":54}},"80":{"start":{"line":81,"column":0},"end":{"line":81,"column":54}},"81":{"start":{"line":82,"column":0},"end":{"line":82,"column":64}},"82":{"start":{"line":83,"column":0},"end":{"line":83,"column":95}},"83":{"start":{"line":84,"column":0},"end":{"line":84,"column":10}},"84":{"start":{"line":85,"column":0},"end":{"line":85,"column":35}},"85":{"start":{"line":86,"column":0},"end":{"line":86,"column":66}},"86":{"start":{"line":87,"column":0},"end":{"line":87,"column":54}},"87":{"start":{"line":88,"column":0},"end":{"line":88,"column":30}},"88":{"start":{"line":89,"column":0},"end":{"line":89,"column":24}},"89":{"start":{"line":90,"column":0},"end":{"line":90,"column":45}},"90":{"start":{"line":91,"column":0},"end":{"line":91,"column":38}},"91":{"start":{"line":92,"column":0},"end":{"line":92,"column":11}},"92":{"start":{"line":93,"column":0},"end":{"line":93,"column":19}},"93":{"start":{"line":94,"column":0},"end":{"line":94,"column":46}},"94":{"start":{"line":95,"column":0},"end":{"line":95,"column":80}},"95":{"start":{"line":96,"column":0},"end":{"line":96,"column":24}},"96":{"start":{"line":97,"column":0},"end":{"line":97,"column":9}},"97":{"start":{"line":98,"column":0},"end":{"line":98,"column":49}},"98":{"start":{"line":99,"column":0},"end":{"line":99,"column":35}},"99":{"start":{"line":100,"column":0},"end":{"line":100,"column":53}},"100":{"start":{"line":101,"column":0},"end":{"line":101,"column":49}},"101":{"start":{"line":102,"column":0},"end":{"line":102,"column":4}},"103":{"start":{"line":104,"column":0},"end":{"line":104,"column":14}},"104":{"start":{"line":105,"column":0},"end":{"line":105,"column":93}},"105":{"start":{"line":106,"column":0},"end":{"line":106,"column":88}},"106":{"start":{"line":107,"column":0},"end":{"line":107,"column":81}},"107":{"start":{"line":108,"column":0},"end":{"line":108,"column":99}},"108":{"start":{"line":109,"column":0},"end":{"line":109,"column":98}},"109":{"start":{"line":110,"column":0},"end":{"line":110,"column":94}},"110":{"start":{"line":111,"column":0},"end":{"line":111,"column":104}},"111":{"start":{"line":112,"column":0},"end":{"line":112,"column":4}},"112":{"start":{"line":113,"column":0},"end":{"line":113,"column":1}},"114":{"start":{"line":115,"column":0},"end":{"line":115,"column":50}},"115":{"start":{"line":116,"column":0},"end":{"line":116,"column":22}},"116":{"start":{"line":117,"column":0},"end":{"line":117,"column":32}},"117":{"start":{"line":118,"column":0},"end":{"line":118,"column":46}},"118":{"start":{"line":119,"column":0},"end":{"line":119,"column":3}},"119":{"start":{"line":120,"column":0},"end":{"line":120,"column":1}}},"s":{"0":1,"5":136,"6":136,"7":136,"8":136,"10":1,"11":1,"12":1,"13":1,"14":1,"15":16,"16":1,"17":2,"18":15,"19":1,"20":2,"21":1,"22":15,"23":14,"24":1,"25":2,"26":1,"27":15,"28":14,"29":1,"30":1,"31":1,"32":14,"33":14,"34":1,"35":1,"36":1,"37":1,"38":1,"39":1,"40":1,"41":14,"42":14,"43":14,"44":1,"45":1,"46":14,"47":1,"48":1,"49":1,"50":1,"51":1,"52":17,"55":17,"56":17,"57":17,"58":3,"59":17,"60":14,"61":14,"62":17,"63":1,"65":1,"66":1,"68":1,"69":1,"70":1,"71":1,"72":1,"73":1,"74":1,"76":1,"77":1,"78":1,"79":1,"80":1,"81":1,"82":1,"83":1,"84":1,"85":1,"86":1,"87":1,"88":1,"89":1,"90":14,"91":3,"92":1,"93":1,"94":1,"95":1,"96":1,"97":1,"98":1,"99":1,"100":1,"101":1,"103":1,"104":1,"105":1,"106":1,"107":1,"108":1,"109":1,"110":1,"111":1,"112":1,"114":1,"115":1,"116":1,"117":0,"118":0,"119":1},"branchMap":{"0":{"type":"branch","line":13,"loc":{"start":{"line":13,"column":38},"end":{"line":13,"column":80}},"locations":[{"start":{"line":13,"column":38},"end":{"line":13,"column":80}}]},"1":{"type":"branch","line":15,"loc":{"start":{"line":15,"column":14},"end":{"line":16,"column":49}},"locations":[{"start":{"line":15,"column":14},"end":{"line":16,"column":49}}]},"2":{"type":"branch","line":17,"loc":{"start":{"line":17,"column":24},"end":{"line":18,"column":56}},"locations":[{"start":{"line":17,"column":24},"end":{"line":18,"column":56}}]},"3":{"type":"branch","line":18,"loc":{"start":{"line":18,"column":55},"end":{"line":19,"column":21}},"locations":[{"start":{"line":18,"column":55},"end":{"line":19,"column":21}}]},"4":{"type":"branch","line":20,"loc":{"start":{"line":20,"column":23},"end":{"line":22,"column":55}},"locations":[{"start":{"line":20,"column":23},"end":{"line":22,"column":55}}]},"5":{"type":"branch","line":21,"loc":{"start":{"line":21,"column":17},"end":{"line":22,"column":55}},"locations":[{"start":{"line":21,"column":17},"end":{"line":22,"column":55}}]},"6":{"type":"branch","line":22,"loc":{"start":{"line":22,"column":53},"end":{"line":24,"column":55}},"locations":[{"start":{"line":22,"column":53},"end":{"line":24,"column":55}}]},"7":{"type":"branch","line":23,"loc":{"start":{"line":23,"column":17},"end":{"line":24,"column":55}},"locations":[{"start":{"line":23,"column":17},"end":{"line":24,"column":55}}]},"8":{"type":"branch","line":25,"loc":{"start":{"line":25,"column":27},"end":{"line":27,"column":64}},"locations":[{"start":{"line":25,"column":27},"end":{"line":27,"column":64}}]},"9":{"type":"branch","line":26,"loc":{"start":{"line":26,"column":17},"end":{"line":27,"column":64}},"locations":[{"start":{"line":26,"column":17},"end":{"line":27,"column":64}}]},"10":{"type":"branch","line":27,"loc":{"start":{"line":27,"column":62},"end":{"line":29,"column":64}},"locations":[{"start":{"line":27,"column":62},"end":{"line":29,"column":64}}]},"11":{"type":"branch","line":28,"loc":{"start":{"line":28,"column":17},"end":{"line":29,"column":64}},"locations":[{"start":{"line":28,"column":17},"end":{"line":29,"column":64}}]},"12":{"type":"branch","line":32,"loc":{"start":{"line":32,"column":14},"end":{"line":33,"column":53}},"locations":[{"start":{"line":32,"column":14},"end":{"line":33,"column":53}}]},"13":{"type":"branch","line":33,"loc":{"start":{"line":33,"column":14},"end":{"line":34,"column":4}},"locations":[{"start":{"line":33,"column":14},"end":{"line":34,"column":4}}]},"14":{"type":"branch","line":41,"loc":{"start":{"line":41,"column":14},"end":{"line":42,"column":35}},"locations":[{"start":{"line":41,"column":14},"end":{"line":42,"column":35}}]},"15":{"type":"branch","line":42,"loc":{"start":{"line":42,"column":14},"end":{"line":43,"column":23}},"locations":[{"start":{"line":42,"column":14},"end":{"line":43,"column":23}}]},"16":{"type":"branch","line":43,"loc":{"start":{"line":43,"column":2},"end":{"line":44,"column":99}},"locations":[{"start":{"line":43,"column":2},"end":{"line":44,"column":99}}]},"17":{"type":"branch","line":44,"loc":{"start":{"line":44,"column":3},"end":{"line":44,"column":75}},"locations":[{"start":{"line":44,"column":3},"end":{"line":44,"column":75}}]},"18":{"type":"branch","line":46,"loc":{"start":{"line":46,"column":2},"end":{"line":47,"column":46}},"locations":[{"start":{"line":46,"column":2},"end":{"line":47,"column":46}}]},"19":{"type":"branch","line":51,"loc":{"start":{"line":51,"column":61},"end":{"line":51,"column":68}},"locations":[{"start":{"line":51,"column":61},"end":{"line":51,"column":68}}]},"20":{"type":"branch","line":86,"loc":{"start":{"line":86,"column":58},"end":{"line":86,"column":66}},"locations":[{"start":{"line":86,"column":58},"end":{"line":86,"column":66}}]},"21":{"type":"branch","line":90,"loc":{"start":{"line":90,"column":25},"end":{"line":91,"column":38}},"locations":[{"start":{"line":90,"column":25},"end":{"line":91,"column":38}}]},"22":{"type":"branch","line":91,"loc":{"start":{"line":91,"column":37},"end":{"line":92,"column":11}},"locations":[{"start":{"line":91,"column":37},"end":{"line":92,"column":11}}]},"23":{"type":"branch","line":95,"loc":{"start":{"line":95,"column":72},"end":{"line":95,"column":80}},"locations":[{"start":{"line":95,"column":72},"end":{"line":95,"column":80}}]},"24":{"type":"branch","line":6,"loc":{"start":{"line":6,"column":0},"end":{"line":9,"column":1}},"locations":[{"start":{"line":6,"column":0},"end":{"line":9,"column":1}}]},"25":{"type":"branch","line":7,"loc":{"start":{"line":7,"column":20},"end":{"line":7,"column":35}},"locations":[{"start":{"line":7,"column":20},"end":{"line":7,"column":35}}]},"26":{"type":"branch","line":52,"loc":{"start":{"line":52,"column":26},"end":{"line":64,"column":3}},"locations":[{"start":{"line":52,"column":26},"end":{"line":64,"column":3}}]},"27":{"type":"branch","line":53,"loc":{"start":{"line":53,"column":39},"end":{"line":53,"column":77}},"locations":[{"start":{"line":53,"column":39},"end":{"line":53,"column":77}}]},"28":{"type":"branch","line":58,"loc":{"start":{"line":58,"column":60},"end":{"line":59,"column":71}},"locations":[{"start":{"line":58,"column":60},"end":{"line":59,"column":71}}]},"29":{"type":"branch","line":60,"loc":{"start":{"line":60,"column":4},"end":{"line":62,"column":3}},"locations":[{"start":{"line":60,"column":4},"end":{"line":62,"column":3}}]},"30":{"type":"branch","line":62,"loc":{"start":{"line":62,"column":2},"end":{"line":63,"column":69}},"locations":[{"start":{"line":62,"column":2},"end":{"line":63,"column":69}}]},"31":{"type":"branch","line":63,"loc":{"start":{"line":63,"column":65},"end":{"line":63,"column":76}},"locations":[{"start":{"line":63,"column":65},"end":{"line":63,"column":76}}]},"32":{"type":"branch","line":63,"loc":{"start":{"line":63,"column":69},"end":{"line":63,"column":111}},"locations":[{"start":{"line":63,"column":69},"end":{"line":63,"column":111}}]
[...]
6,"column":43}},"66":{"start":{"line":67,"column":0},"end":{"line":67,"column":63}},"67":{"start":{"line":68,"column":0},"end":{"line":68,"column":43}},"68":{"start":{"line":69,"column":0},"end":{"line":69,"column":55}},"69":{"start":{"line":70,"column":0},"end":{"line":70,"column":65}},"70":{"start":{"line":71,"column":0},"end":{"line":71,"column":2}},"72":{"start":{"line":73,"column":0},"end":{"line":73,"column":52}},"73":{"start":{"line":74,"column":0},"end":{"line":74,"column":27}},"74":{"start":{"line":75,"column":0},"end":{"line":75,"column":36}},"75":{"start":{"line":76,"column":0},"end":{"line":76,"column":93}},"76":{"start":{"line":77,"column":0},"end":{"line":77,"column":55}},"77":{"start":{"line":78,"column":0},"end":{"line":78,"column":2}},"79":{"start":{"line":80,"column":0},"end":{"line":80,"column":45}},"80":{"start":{"line":81,"column":0},"end":{"line":81,"column":55}},"81":{"start":{"line":82,"column":0},"end":{"line":82,"column":37}},"82":{"start":{"line":83,"column":0},"end":{"line":83,"column":65}},"83":{"start":{"line":84,"column":0},"end":{"line":84,"column":42}},"84":{"start":{"line":85,"column":0},"end":{"line":85,"column":2}},"86":{"start":{"line":87,"column":0},"end":{"line":87,"column":43}},"87":{"start":{"line":88,"column":0},"end":{"line":88,"column":55}},"88":{"start":{"line":89,"column":0},"end":{"line":89,"column":47}},"89":{"start":{"line":90,"column":0},"end":{"line":90,"column":64}},"90":{"start":{"line":91,"column":0},"end":{"line":91,"column":46}},"91":{"start":{"line":92,"column":0},"end":{"line":92,"column":147}},"92":{"start":{"line":93,"column":0},"end":{"line":93,"column":46}},"93":{"start":{"line":94,"column":0},"end":{"line":94,"column":46}},"94":{"start":{"line":95,"column":0},"end":{"line":95,"column":62}},"95":{"start":{"line":96,"column":0},"end":{"line":96,"column":60}},"96":{"start":{"line":97,"column":0},"end":{"line":97,"column":2}},"98":{"start":{"line":99,"column":0},"end":{"line":99,"column":50}},"99":{"start":{"line":100,"column":0},"end":{"line":100,"column":38}},"100":{"start":{"line":101,"column":0},"end":{"line":101,"column":53}},"101":{"start":{"line":102,"column":0},"end":{"line":102,"column":2}},"103":{"start":{"line":104,"column":0},"end":{"line":104,"column":49}},"104":{"start":{"line":105,"column":0},"end":{"line":105,"column":47}},"105":{"start":{"line":106,"column":0},"end":{"line":106,"column":39}},"106":{"start":{"line":107,"column":0},"end":{"line":107,"column":34}},"107":{"start":{"line":108,"column":0},"end":{"line":108,"column":2}},"109":{"start":{"line":110,"column":0},"end":{"line":110,"column":46}},"110":{"start":{"line":111,"column":0},"end":{"line":111,"column":55}},"111":{"start":{"line":112,"column":0},"end":{"line":112,"column":47}},"112":{"start":{"line":113,"column":0},"end":{"line":113,"column":27}},"113":{"start":{"line":114,"column":0},"end":{"line":114,"column":45}},"114":{"start":{"line":115,"column":0},"end":{"line":115,"column":61}},"115":{"start":{"line":116,"column":0},"end":{"line":116,"column":56}},"116":{"start":{"line":117,"column":0},"end":{"line":117,"column":2}},"118":{"start":{"line":119,"column":0},"end":{"line":119,"column":46}},"119":{"start":{"line":120,"column":0},"end":{"line":120,"column":55}},"120":{"start":{"line":121,"column":0},"end":{"line":121,"column":71}},"121":{"start":{"line":122,"column":0},"end":{"line":122,"column":47}},"122":{"start":{"line":123,"column":0},"end":{"line":123,"column":47}},"123":{"start":{"line":124,"column":0},"end":{"line":124,"column":67}},"124":{"start":{"line":125,"column":0},"end":{"line":125,"column":45}},"125":{"start":{"line":126,"column":0},"end":{"line":126,"column":64}},"126":{"start":{"line":127,"column":0},"end":{"line":127,"column":2}},"128":{"start":{"line":129,"column":0},"end":{"line":129,"column":45}},"129":{"start":{"line":130,"column":0},"end":{"line":130,"column":33}},"130":{"start":{"line":131,"column":0},"end":{"line":131,"column":60}},"131":{"start":{"line":132,"column":0},"end":{"line":132,"column":32}},"132":{"start":{"line":133,"column":0},"end":{"line":133,"column":35}},"133":{"start":{"line":134,"column":0},"end":{"line":134,"column":2}},"135":{"start":{"line":136,"column":0},"end":{"line":136,"column":45}},"136":{"start":{"line":137,"column":0},"end":{"line":137,"column":49}},"137":{"start":{"line":138,"column":0},"end":{"line":138,"column":52}},"138":{"start":{"line":139,"column":0},"end":{"line":139,"column":48}},"139":{"start":{"line":140,"column":0},"end":{"line":140,"column":2}},"141":{"start":{"line":142,"column":0},"end":{"line":142,"column":46}},"142":{"start":{"line":143,"column":0},"end":{"line":143,"column":46}},"143":{"start":{"line":144,"column":0},"end":{"line":144,"column":2}},"145":{"start":{"line":146,"column":0},"end":{"line":146,"column":51}},"146":{"start":{"line":147,"column":0},"end":{"line":147,"column":45}},"147":{"start":{"line":148,"column":0},"end":{"line":148,"column":30}},"148":{"start":{"line":149,"column":0},"end":{"line":149,"column":2}},"150":{"start":{"line":151,"column":0},"end":{"line":151,"column":45}},"151":{"start":{"line":152,"column":0},"end":{"line":152,"column":21}},"152":{"start":{"line":153,"column":0},"end":{"line":153,"column":40}},"153":{"start":{"line":154,"column":0},"end":{"line":154,"column":43}},"154":{"start":{"line":155,"column":0},"end":{"line":155,"column":69}},"155":{"start":{"line":156,"column":0},"end":{"line":156,"column":2}},"157":{"start":{"line":158,"column":0},"end":{"line":158,"column":42}},"158":{"start":{"line":159,"column":0},"end":{"line":159,"column":46}},"159":{"start":{"line":160,"column":0},"end":{"line":160,"column":59}},"160":{"start":{"line":161,"column":0},"end":{"line":161,"column":48}},"161":{"start":{"line":162,"column":0},"end":{"line":162,"column":60}},"162":{"start":{"line":163,"column":0},"end":{"line":163,"column":2}},"164":{"start":{"line":165,"column":0},"end":{"line":165,"column":42}},"165":{"start":{"line":166,"column":0},"end":{"line":166,"column":54}},"166":{"start":{"line":167,"column":0},"end":{"line":167,"column":74}},"167":{"start":{"line":168,"column":0},"end":{"line":168,"column":38}},"168":{"start":{"line":169,"column":0},"end":{"line":169,"column":68}},"169":{"start":{"line":170,"column":0},"end":{"line":170,"column":57}},"170":{"start":{"line":171,"column":0},"end":{"line":171,"column":31}},"171":{"start":{"line":172,"column":0},"end":{"line":172,"column":2}},"173":{"start":{"line":174,"column":0},"end":{"line":174,"column":51}},"174":{"start":{"line":175,"column":0},"end":{"line":175,"column":25}},"175":{"start":{"line":176,"column":0},"end":{"line":176,"column":40}},"176":{"start":{"line":177,"column":0},"end":{"line":177,"column":66}},"177":{"start":{"line":178,"column":0},"end":{"line":178,"column":30}},"178":{"start":{"line":179,"column":0},"end":{"line":179,"column":2}},"180":{"start":{"line":181,"column":0},"end":{"line":181,"column":39}},"181":{"start":{"line":182,"column":0},"end":{"line":182,"column":65}},"182":{"start":{"line":183,"column":0},"end":{"line":183,"column":46}},"183":{"start":{"line":184,"column":0},"end":{"line":184,"column":67}},"184":{"start":{"line":185,"column":0},"end":{"line":185,"column":45}},"185":{"start":{"line":186,"column":0},"end":{"line":186,"column":57}},"186":{"start":{"line":187,"column":0},"end":{"line":187,"column":2}},"188":{"start":{"line":189,"column":0},"end":{"line":189,"column":42}},"189":{"start":{"line":190,"column":0},"end":{"line":190,"column":88}},"190":{"start":{"line":191,"column":0},"end":{"line":191,"column":88}},"191":{"start":{"line":192,"column":0},"end":{"line":192,"column":32}},"192":{"start":{"line":193,"column":0},"end":{"line":193,"column":54}},"193":{"start":{"line":194,"column":0},"end":{"line":194,"column":37}},"194":{"start":{"line":195,"column":0},"end":{"line":195,"column":37}},"195":{"start":{"line":196,"column":0},"end":{"line":196,"column":30}},"196":{"start":{"line":197,"column":0},"end":{"line":197,"column":33}},"197":{"start":{"line":198,"column":0},"end":{"line":198,"column":36}},"198":{"start":{"line":199,"column":0},"end":{"line":199,"column":2}}},"s":{"0":1,"4":0,"5":0,"6":0,"7":0,"8":0,"9":0,"10":0,"11":0,"12":0,"13":0,"14":0,"15":0,"16":0,"17":0,"18":0,"19":0,"20":0,"21":0,"22":0,"23":0,"24":0,"25":0,"26":0,"28":1,"29":1,"30":1,"31":1,"33":1,"34":1,"35":1,"36":1,"37":1,"38":1,"39":1,"40":1,"41":1,"42":1,"43":1,"44":1,"45":1,"46":1,"47":1,"48":1,"49":1,"50":1,"51":1,"52":1,"53":1,"55":1,"57":1,"58":1,"59":1,"60":1,"61":1,"62":1,"63":1,"64":1,"65":1,"66":1,"67":1,"68":1,"69":1,"70":1,"72":1,"73":1,"74":1,"75":1,"76":1,"77":1,"79":1,"80":1,"81":1,"82":1,"83":1,"84":1,"86":1,"87":1,"88":1,"89":1,"90":1,"91":1,"92":1,"93":1,"94":1,"95":1,"96":1,"98":1,"99":1,"100":1,"101":1,"103":1,"104":1,"105":1,"106":1,"107":1,"109":1,"110":1,"111":1,"112":1,"113":1,"114":1,"115":1,"116":1,"118":1,"119":1,"120":1,"121":1,"122":1,"123":1,"124":1,"125":1,"126":1,"128":1,"129":1,"130":1,"131":1,"132":1,"133":1,"135":1,"136":1,"137":1,"138":1,"139":1,"141":1,"142":1,"143":1,"145":1,"146":1,"147":1,"148":1,"150":1,"151":1,"152":1,"153":1,"154":1,"155":1,"157":1,"158":1,"159":1,"160":1,"161":1,"162":1,"164":1,"165":1,"166":1,"167":1,"168":1,"169":1,"170":1,"171":1,"173":1,"174":1,"175":1,"176":1,"177":1,"178":1,"180":1,"181":1,"182":1,"183":1,"184":1,"185":1,"186":1,"188":1,"189":1,"190":1,"191":1,"192":1,"193":1,"194":1,"195":1,"196":1,"197":1,"198":1},"branchMap":{},"b":{},"fnMap":{"0":{"name":"validateBody","decl":{"start":{"line":5,"column":0},"end":{"line":27,"column":1}},"loc":{"start":{"line":5,"column":0},"end":{"line":27,"column":1}},"line":5}},"f":{"0":0}}
,"C:\\Users\\swade\\Repos\\openclaw-mission-control\\src\\lib\\workspaces.ts": {"path":"C:\\Users\\swade\\Repos\\openclaw-mission-control\\src\\lib\\workspaces.ts","all":false,"statementMap":{"17":{"start":{"line":18,"column":0},"end":{"line":18,"column":43}},"18":{"start":{"line":19,"column":0},"end":{"line":19,"column":32}},"19":{"start":{"line":20,"column":0},"end":{"line":20,"column":32}},"20":{"start":{"line":21,"column":0},"end":{"line":21,"column":18}},"21":{"start":{"line":22,"column":0},"end":{"line":22,"column":32}},"22":{"start":{"line":23,"column":0},"end":{"line":23,"column":3}},"23":{"start":{"line":24,"column":0},"end":{"line":24,"column":1}},"33":{"start":{"line":34,"column":0},"end":{"line":34,"column":31}},"34":{"start":{"line":35,"column":0},"end":{"line":35,"column":24}},"35":{"start":{"line":36,"column":0},"end":{"line":36,"column":38}},"36":{"start":{"line":37,"column":0},"end":{"line":37,"column":19}},"37":{"start":{"line":38,"column":0},"end":{"line":38,"column":19}},"38":{"start":{"line":39,"column":0},"end":{"line":39,"column":29}},"39":{"start":{"line":40,"column":0},"end":{"line":40,"column":3}},"40":{"start":{"line":41,"column":0},"end":{"line":41,"column":14}},"43":{"start":{"line":44,"column":0},"end":{"line":44,"column":9}},"44":{"start":{"line":45,"column":0},"end":{"line":45,"column":27}},"45":{"start":{"line":46,"column":0},"end":{"line":46,"column":31}},"46":{"start":{"line":47,"column":0},"end":{"line":47,"column":28}},"47":{"start":{"line":48,"column":0},"end":{"line":48,"column":15}},"48":{"start":{"line":49,"column":0},"end":{"line":49,"column":13}},"49":{"start":{"line":50,"column":0},"end":{"line":50,"column":20}},"50":{"start":{"line":51,"column":0},"end":{"line":51,"column":26}},"51":{"start":{"line":52,"column":0},"end":{"line":52,"column":35}},"52":{"start":{"line":53,"column":0},"end":{"line":53,"column":7}},"53":{"start":{"line":54,"column":0},"end":{"line":54,"column":30}},"54":{"start":{"line":55,"column":0},"end":{"line":55,"column":29}},"55":{"start":{"line":56,"column":0},"end":{"line":56,"column":3}},"56":{"start":{"line":57,"column":0},"end":{"line":57,"column":1}},"58":{"start":{"line":59,"column":0},"end":{"line":59,"column":38}},"59":{"start":{"line":60,"column":0},"end":{"line":60,"column":24}},"60":{"start":{"line":61,"column":0},"end":{"line":61,"column":22}},"61":{"start":{"line":62,"column":0},"end":{"line":62,"column":18}},"62":{"start":{"line":63,"column":0},"end":{"line":63,"column":27}},"63":{"start":{"line":64,"column":0},"end":{"line":64,"column":26}},"68":{"start":{"line":69,"column":0},"end":{"line":69,"column":62}},"69":{"start":{"line":70,"column":0},"end":{"line":70,"column":20}},"70":{"start":{"line":71,"column":0},"end":{"line":71,"column":1}},"72":{"start":{"line":73,"column":0},"end":{"line":73,"column":40}},"73":{"start":{"line":74,"column":0},"end":{"line":74,"column":24}},"74":{"start":{"line":75,"column":0},"end":{"line":75,"column":18}},"75":{"start":{"line":76,"column":0},"end":{"line":76,"column":22}},"76":{"start":{"line":77,"column":0},"end":{"line":77,"column":21}},"81":{"start":{"line":82,"column":0},"end":{"line":82,"column":39}},"82":{"start":{"line":83,"column":0},"end":{"line":83,"column":1}},"84":{"start":{"line":85,"column":0},"end":{"line":85,"column":38}},"85":{"start":{"line":86,"column":0},"end":{"line":86,"column":24}},"86":{"start":{"line":87,"column":0},"end":{"line":87,"column":22}},"87":{"start":{"line":88,"column":0},"end":{"line":88,"column":18}},"88":{"start":{"line":89,"column":0},"end":{"line":89,"column":20}},"89":{"start":{"line":90,"column":0},"end":{"line":90,"column":68}},"90":{"start":{"line":91,"column":0},"end":{"line":91,"column":19}},"91":{"start":{"line":92,"column":0},"end":{"line":92,"column":53}},"92":{"start":{"line":93,"column":0},"end":{"line":93,"column":3}},"93":{"start":{"line":94,"column":0},"end":{"line":94,"column":18}},"94":{"start":{"line":95,"column":0},"end":{"line":95,"column":1}},"96":{"start":{"line":97,"column":0},"end":{"line":97,"column":44}},"97":{"start":{"line":98,"column":0},"end":{"line":98,"column":24}},"98":{"start":{"line":99,"column":0},"end":{"line":99,"column":19}},"99":{"start":{"line":100,"column":0},"end":{"line":100,"column":22}},"100":{"start":{"line":101,"column":0},"end":{"line":101,"column":34}},"101":{"start":{"line":102,"column":0},"end":{"line":102,"column":20}},"102":{"start":{"line":103,"column":0},"end":{"line":103,"column":68}},"103":{"start":{"line":104,"column":0},"end":{"line":104,"column":19}},"104":{"start":{"line":105,"column":0},"end":{"line":105,"column":74}},"105":{"start":{"line":106,"column":0},"end":{"line":106,"column":67}},"106":{"start":{"line":107,"column":0},"end":{"line":107,"column":3}},"107":{"start":{"line":108,"column":0},"end":{"line":108,"column":18}},"108":{"start":{"line":109,"column":0},"end":{"line":109,"column":1}},"110":{"start":{"line":111,"column":0},"end":{"line":111,"column":42}},"111":{"start":{"line":112,"column":0},"end":{"line":112,"column":24}},"112":{"start":{"line":113,"column":0},"end":{"line":113,"column":19}},"113":{"start":{"line":114,"column":0},"end":{"line":114,"column":20}},"114":{"start":{"line":115,"column":0},"end":{"line":115,"column":34}},"115":{"start":{"line":116,"column":0},"end":{"line":116,"column":24}},"116":{"start":{"line":117,"column":0},"end":{"line":117,"column":30}},"122":{"start":{"line":123,"column":0},"end":{"line":123,"column":54}},"124":{"start":{"line":125,"column":0},"end":{"line":125,"column":51}},"125":{"start":{"line":126,"column":0},"end":{"line":126,"column":70}},"126":{"start":{"line":127,"column":0},"end":{"line":127,"column":65}},"127":{"start":{"line":128,"column":0},"end":{"line":128,"column":3}},"129":{"start":{"line":130,"column":0},"end":{"line":130,"column":16}},"130":{"start":{"line":131,"column":0},"end":{"line":131,"column":1}}},"s":{"17":1,"18":1,"19":1,"20":2,"21":2,"22":2,"23":1,"33":2,"34":2,"35":2,"36":2,"37":2,"38":2,"39":2,"40":2,"43":2,"44":2,"45":2,"46":2,"47":2,"48":2,"49":2,"50":2,"51":2,"52":2,"53":2,"54":2,"55":2,"56":2,"58":1,"59":2,"60":2,"61":2,"62":2,"63":2,"68":2,"69":2,"70":2,"72":1,"73":0,"74":0,"75":0,"76":0,"81":0,"82":0,"84":1,"85":0,"86":0,"87":0,"88":0,"89":0,"90":0,"91":0,"92":0,"93":0,"94":0,"96":1,"97":2,"98":2,"99":2,"100":2,"101":2,"102":2,"103":2,"104":1,"105":1,"106":1,"107":1,"108":1,"110":1,"111":2,"112":2,"113":2,"114":2,"115":2,"116":2,"122":2,"124":2,"125":1,"126":1,"127":1,"129":1,"130":1},"branchMap":{"0":{"type":"branch","line":20,"loc":{"start":{"line":20,"column":2},"end":{"line":23,"column":3}},"locations":[{"start":{"line":20,"column":2},"end":{"line":23,"column":3}}]},"1":{"type":"branch","line":34,"loc":{"start":{"line":34,"column":0},"end":{"line":57,"column":1}},"locations":[{"start":{"line":34,"column":0},"end":{"line":57,"column":1}}]},"2":{"type":"branch","line":46,"loc":{"start":{"line":46,"column":12},"end":{"line":46,"column":31}},"locations":[{"start":{"line":46,"column":12},"end":{"line":46,"column":31}}]},"3":{"type":"branch","line":47,"loc":{"start":{"line":47,"column":12},"end":{"line":47,"column":28}},"locations":[{"start":{"line":47,"column":12},"end":{"line":47,"column":28}}]},"4":{"type":"branch","line":52,"loc":{"start":{"line":52,"column":21},"end":{"line":52,"column":35}},"locations":[{"start":{"line":52,"column":21},"end":{"line":52,"column":35}}]},"5":{"type":"branch","line":54,"loc":{"start":{"line":54,"column":12},"end":{"line":54,"column":30}},"locations":[{"start":{"line":54,"column":12},"end":{"line":54,"column":30}}]},"6":{"type":"branch","line":55,"loc":{"start":{"line":55,"column":12},"end":{"line":55,"column":29}},"locations":[{"start":{"line":55,"column":12},"end":{"line":55,"column":29}}]},"7":{"type":"branch","line":59,"loc":{"start":{"line":59,"column":7},"end":{"line":71,"column":1}},"locations":[{"start":{"line":59,"column":7},"end":{"line":71,"column":1}}]},"8":{"type":"branch","line":70,"loc":{"start":{"line":70,"column":9},"end":{"line":70,"column":20}},"locations":[{"start":{"line":70,"column":9},"end":{"line":70,"column":20}}]},"9":{"type":"branch","line":97,"loc":{"start":{"line":97,"column":7},"end":{"line":109,"column":1}},"locations":[{"start":{"line":97,"column":7},"end":{"line":109,"column":1}}]},"10":{"type":"branch","line":104,"loc":{"start":{"line":104,"column":18},"end":{"line":109,"column":1}},"locations":[{"start":{"line":104,"column":18},"end":{"line":109,"column":1}}]},"11":{"type":"branch","line":111,"loc":{"start":{"line":111,"column":7},"end":{"line":131,"column":1}},"locations":[{"start":{"line":111,"column":7},"end":{"line":131,"column":1}}]},"12":{"type":"branch","line":125,"loc":{"start":{"line":125,"column":50},"end":{"line":131,"column":1}},"locations":[{"start":{"line":125,"column":50},"end":{"line":131,"column":1}}]}},"b":{"0":[2],"1":[2],"2":[0],"3":[0],"4":[0],"5":[1],"6":[1],"7":[2],"8":[1],"9":[2],"10":[1],"11":[2],"12":[1]},"fnMap":{"0":{"name":"ForbiddenError","decl":{"start":{"line":20,"column":2},"end":{"line":23,"column":3}},"loc":{"start":{"line":20,"column":2},"end":{"line":23,"column":3}},"line":20},"1":{"name":"logTenantAccessDenied","decl":{"start":{"line":34,"column":0},"end":{"line":57,"column":1}},"loc":{"start":{"line":34,"column":0},"end":{"line":57,"column":1}},"line":34},"2":{"name":"getWorkspaceForTenant","decl":{"start":{"line":59,"column":7},"end":{"line":71,"column":1}},"loc":{"start":{"line":59,"column":7},"end":{"line":71,"column":1}},"line":59},"3":{"name":"listWorkspacesForTenant","decl":{"start":{"line":73,"column":7},"end":{"line":83,"column":1}},"loc":{"start":{"line":73,"column":7},"end":{"line":83,"column":1}},"line":73},"4":{"name":"assertWorkspaceTenant","decl":{"start":{"line":85,"column":7},"end":{"line":95,"column":1}},"loc":{"start":{"line":85,"column":7},"end":{"line":95,"column":1}},"line":85},"5":{"name":"ensureTenantWorkspaceAccess","decl":{"start":{"line":97,"column":7},"end":{"line":109,"column":1}},"loc":{"start":{"line":97,"column":7},"end":{"line":109,"column":1}},"line":97},"6":{"name":"ensureTenantProjectAccess","decl":{"start":{"line":111,"column":7},"end":{"line":131,"column":1}},"loc":{"start":{"line":111,"column":7},"end":{"line":131,"column":1}},"line":111}},"f":{"0":2,"1":2,"2":2,"3":0,"4":0,"5":2,"6":2}}
}
